<html xmlns:math="http://exslt.org/math" xmlns:testng="http://testng.org">
   <head>
      <title>TestNG Results</title>
      <meta http-equiv="content-type" content="text/html; charset=utf-8"></meta>
      <meta http-equiv="pragma" content="no-cache"></meta>
      <meta http-equiv="cache-control" content="max-age=0"></meta>
      <meta http-equiv="cache-control" content="no-cache"></meta>
      <meta http-equiv="cache-control" content="no-store"></meta>
      <LINK rel="stylesheet" href="style.css"></LINK>
      <script type="text/javascript" src="main.js"></script>
   </head>
   <body>
      <table width="100%" style="font-size: 16px; margin-bottom: 10px;" cellspacing="1">
         <tr>
            <td width="100%">
               Test case
               
               <b>Regression</b>
            </td>
            <td style="background-color: #FFBBBB; padding: 3px 3px 3px 0;" align="center">
               <div style="width: 50px;">1</div>
            </td>
            <td style="background-color: lightgreen; padding: 3px 3px 3px 0;" align="center">
               <div style="width: 50px;">1</div>
            </td>
            <td style="background-color: #FFFFBB; padding: 3px 3px 3px 0;" align="center">
               <div style="width: 50px;">2</div>
            </td>
            <td align="center" style="background-color: #eaf0f7; padding: 3px 3px 3px 0;">
               <div style="width: 50px;">4</div>
            </td>
            <td align="center"
                style="font-weight: bold; background-color: #eaf0f7; padding: 3px 3px 3px 0;">
               <div style="width: 50px;">25%</div>
            </td>
            <td style="background-color: #eaf0f7; padding: 3px 3px 3px 0;" align="center"
                nowrap="true">5m
               8s
               
            </td>
         </tr>
      </table>
      <div style="width: 200px;">
         <label for="groupMethodsCheckBox" style="font-weight: bold; margin: 0;">
            <input id="groupMethodsCheckBox" type="checkbox" onclick="switchTestMethodsView(this)"
                   checked=""></input>
            Group by class
            
         </label>
         <br></br>
         <label for="methodsFilter_ALL" style="font-weight: bold; margin: 0;">
            <input id="methodsFilter_ALL" type="checkbox"
                   onclick="testMethodsFilterChanged(this, 'ALL')"
                   checked=""></input>
            All
            
         </label>
      </div>
      <label for="methodsFilter_FAIL" style="margin-left: 20px;">
         <input id="methodsFilter_FAIL" type="checkbox"
                onclick="testMethodsFilterChanged(this, 'FAIL')"
                checked=""></input>
         Failed
         
      </label>
      <label for="methodsFilter_PASS">
         <input id="methodsFilter_PASS" type="checkbox"
                onclick="testMethodsFilterChanged(this, 'PASS')"
                checked=""></input>
         Passed
         
      </label>
      <label for="methodsFilter_SKIP">
         <input id="methodsFilter_SKIP" type="checkbox"
                onclick="testMethodsFilterChanged(this, 'SKIP')"
                checked=""></input>
         Skipped
         
      </label>
      <label for="methodsFilter_CONF">
         <input id="methodsFilter_CONF" type="checkbox"
                onclick="testMethodsFilterChanged(this, 'CONF')"
                checked=""></input>
         Config
         
      </label>
      <br></br>
      <div id="testMethodsByStatus" style="display: none;">
         <table class="testMethodsTable" cellpadding="0" cellspacing="0">
            <tr class="methodsTableHeader">
               <td width="100%">Name</td>
               <td nowrap="true">Started</td>
               <td nowrap="true">Duration</td>
               <td>Exception</td>
            </tr>
            <tr id="com.sample.scripts.VoonikLogin_ChangePassword_byStatus_failed_FAIL1_row"
                class="testMethodStatusFAIL">
               <td width="100%" class="firstMethodCell">
                  <a onclick="toggleDetailsVisibility('com.sample.scripts.VoonikLogin_ChangePassword_byStatus_failed_FAIL1_details')">ChangePassword()</a>
               </td>
               <td nowrap="true">16:41:56</td>
               <td nowrap="true" align="right">49s
                  
               </td>
               <td nowrap="true">
                  <a onclick="toggleDetailsVisibility('com.sample.scripts.VoonikLogin_ChangePassword_byStatus_failed_FAIL1_exception')">org.openqa.selenium.ElementNotVisibleException: 
                     Element is not visible
                     Build info: version: '3.0.1', revision: '1969d75', time: '2016-10-18 09:49:13 -0700'
                     System info: host: 'CBT-CAB3-04', ip: '10.10.12.189', os.name: 'Windows 8.1', os.arch: 'amd64', os.version: '6.3', java.version:
                     '1.8.0_73'
                     Driver info: org.openqa.selenium.firefox.FirefoxDriver
                     Capabilities [{rotatable=false, raisesAccessibilityExceptions=false, marionette=true, firefoxOptions={args=[], prefs={}},
                     appBuildId=20170125094131, version=, platform=XP, proxy={}, command_id=1, specificationLevel=0, acceptSslCerts=false, processId=4412,
                     browserVersion=51.0.1, platformVersion=6.3, XULappId={ec8030f7-c20a-464f-9b0e-13a3a9e97384}, browserName=firefox, takesScreenshot=true,
                     takesElementScreenshot=true, platformName=windows_nt}]
                     Session ID: 012eb647-5b73-45a6-83c5-e92f7b4d05e3
                     
                  </a>
                   
                  
               </td>
            </tr>
            <tr>
               <td colspan="4" class="detailsBox">
                  <div id="com.sample.scripts.VoonikLogin_ChangePassword_byStatus_failed_FAIL1_details"
                       class="testMethodDetails">
                     <div>
                        <b>Name: </b>ChangePassword
                     </div>
                     <div>
                        <b>Description: </b>Check functionality on change password
                     </div>
                     <div>
                        <b>Signature: </b>ChangePassword()[pri:3, instance:com.sample.scripts.VoonikLogin@57175e74]
                     </div>
                     <div>
                        <b>Start time: </b>16:41:56
                     </div>
                     <div>
                        <b>End time: </b>16:42:45
                     </div>
                     <div>
                        <b>Duration: </b>49s
                        
                     </div>
                  </div>
               </td>
            </tr>
            <tr>
               <td colspan="4" class="detailsBox">
                  <div id="com.sample.scripts.VoonikLogin_ChangePassword_byStatus_failed_FAIL1_exception"
                       class="testMethodDetails">
                     <pre style="padding: 5px; margin: 0;">org.openqa.selenium.ElementNotVisibleException: Element is not visible
                        Build info: version: '3.0.1', revision: '1969d75', time: '2016-10-18 09:49:13 -0700'
                        System info: host: 'CBT-CAB3-04', ip: '10.10.12.189', os.name: 'Windows 8.1', os.arch: 'amd64', os.version: '6.3', java.version:
                        '1.8.0_73'
                        Driver info: org.openqa.selenium.firefox.FirefoxDriver
                        Capabilities [{rotatable=false, raisesAccessibilityExceptions=false, marionette=true, firefoxOptions={args=[], prefs={}},
                        appBuildId=20170125094131, version=, platform=XP, proxy={}, command_id=1, specificationLevel=0, acceptSslCerts=false, processId=4412,
                        browserVersion=51.0.1, platformVersion=6.3, XULappId={ec8030f7-c20a-464f-9b0e-13a3a9e97384}, browserName=firefox, takesScreenshot=true,
                        takesElementScreenshot=true, platformName=windows_nt}]
                        Session ID: 012eb647-5b73-45a6-83c5-e92f7b4d05e3
                        	at sun.reflect.NativeConstructorAccessorImpl.newInstance0(Native Method)
                        	at sun.reflect.NativeConstructorAccessorImpl.newInstance(Unknown Source)
                        	at sun.reflect.DelegatingConstructorAccessorImpl.newInstance(Unknown Source)
                        	at java.lang.reflect.Constructor.newInstance(Unknown Source)
                        	at org.openqa.selenium.remote.http.W3CHttpResponseCodec.createException(W3CHttpResponseCodec.java:127)
                        	at org.openqa.selenium.remote.http.W3CHttpResponseCodec.decode(W3CHttpResponseCodec.java:93)
                        	at org.openqa.selenium.remote.http.W3CHttpResponseCodec.decode(W3CHttpResponseCodec.java:42)
                        	at org.openqa.selenium.remote.HttpCommandExecutor.execute(HttpCommandExecutor.java:163)
                        	at org.openqa.selenium.remote.service.DriverCommandExecutor.execute(DriverCommandExecutor.java:82)
                        	at org.openqa.selenium.remote.RemoteWebDriver.execute(RemoteWebDriver.java:601)
                        	at org.openqa.selenium.remote.RemoteWebElement.execute(RemoteWebElement.java:274)
                        	at org.openqa.selenium.remote.RemoteWebElement.sendKeys(RemoteWebElement.java:98)
                        	at sun.reflect.NativeMethodAccessorImpl.invoke0(Native Method)
                        	at sun.reflect.NativeMethodAccessorImpl.invoke(Unknown Source)
                        	at sun.reflect.DelegatingMethodAccessorImpl.invoke(Unknown Source)
                        	at java.lang.reflect.Method.invoke(Unknown Source)
                        	at org.openqa.selenium.support.pagefactory.internal.LocatingElementHandler.invoke(LocatingElementHandler.java:51)
                        	at com.sun.proxy.$Proxy8.sendKeys(Unknown Source)
                        	at com.sample.scripts.VoonikLogin.ChangePassword(VoonikLogin.java:165)
                        	at sun.reflect.NativeMethodAccessorImpl.invoke0(Native Method)
                        	at sun.reflect.NativeMethodAccessorImpl.invoke(Unknown Source)
                        	at sun.reflect.DelegatingMethodAccessorImpl.invoke(Unknown Source)
                        	at java.lang.reflect.Method.invoke(Unknown Source)
                        	at org.testng.internal.MethodInvocationHelper.invokeMethod(MethodInvocationHelper.java:86)
                        	at org.testng.internal.Invoker.invokeMethod(Invoker.java:643)
                        	at org.testng.internal.Invoker.retryFailed(Invoker.java:967)
                        	at org.testng.internal.Invoker.invokeTestMethods(Invoker.java:1146)
                        	at org.testng.internal.TestMethodWorker.invokeTestMethods(TestMethodWorker.java:129)
                        	at org.testng.internal.TestMethodWorker.run(TestMethodWorker.java:112)
                        	at org.testng.TestRunner.privateRun(TestRunner.java:782)
                        	at org.testng.TestRunner.run(TestRunner.java:632)
                        	at org.testng.SuiteRunner.runTest(SuiteRunner.java:366)
                        	at org.testng.SuiteRunner.runSequentially(SuiteRunner.java:361)
                        	at org.testng.SuiteRunner.privateRun(SuiteRunner.java:319)
                        	at org.testng.SuiteRunner.run(SuiteRunner.java:268)
                        	at org.testng.SuiteRunnerWorker.runSuite(SuiteRunnerWorker.java:52)
                        	at org.testng.SuiteRunnerWorker.run(SuiteRunnerWorker.java:86)
                        	at org.testng.TestNG.runSuitesSequentially(TestNG.java:1244)
                        	at org.testng.TestNG.runSuitesLocally(TestNG.java:1169)
                        	at org.testng.TestNG.run(TestNG.java:1064)
                        	at org.testng.remote.AbstractRemoteTestNG.run(AbstractRemoteTestNG.java:126)
                        	at org.testng.remote.RemoteTestNG.initAndRun(RemoteTestNG.java:152)
                        	at org.testng.remote.RemoteTestNG.main(RemoteTestNG.java:57)
                     </pre>
                  </div>
               </td>
            </tr>
            <tr id="com.sample.scripts.VoonikLogin_setUp_byStatus_passed_PASS1_row"
                class="testMethodStatusPASS testMethodStatusCONF">
               <td width="100%" class="firstMethodCell">
                  <a onclick="toggleDetailsVisibility('com.sample.scripts.VoonikLogin_setUp_byStatus_passed_PASS1_details')">setUp()</a>
               </td>
               <td nowrap="true">16:37:39</td>
               <td nowrap="true" align="right">14s
                  
               </td>
               <td nowrap="true">
                   
                  
               </td>
            </tr>
            <tr>
               <td colspan="4" class="detailsBox">
                  <div id="com.sample.scripts.VoonikLogin_setUp_byStatus_passed_PASS1_details"
                       class="testMethodDetails">
                     <div>
                        <b>Name: </b>setUp
                     </div>
                     <div>
                        <b>Signature: </b>setUp()[pri:0, instance:com.sample.scripts.VoonikLogin@57175e74]
                     </div>
                     <div>
                        <b>Start time: </b>16:37:39
                     </div>
                     <div>
                        <b>End time: </b>16:37:53
                     </div>
                     <div>
                        <b>Duration: </b>14s
                        
                     </div>
                  </div>
               </td>
            </tr>
            <tr></tr>
            <tr id="com.sample.scripts.VoonikLogin_testlogin_byStatus_passed_PASS2_row"
                class="testMethodStatusPASS">
               <td width="100%" class="firstMethodCell">
                  <a onclick="toggleDetailsVisibility('com.sample.scripts.VoonikLogin_testlogin_byStatus_passed_PASS2_details')">testlogin()</a>
               </td>
               <td nowrap="true">16:37:53</td>
               <td nowrap="true" align="right">2m
                  11s
                  
               </td>
               <td nowrap="true">
                   
                  
               </td>
            </tr>
            <tr>
               <td colspan="4" class="detailsBox">
                  <div id="com.sample.scripts.VoonikLogin_testlogin_byStatus_passed_PASS2_details"
                       class="testMethodDetails">
                     <div>
                        <b>Name: </b>testlogin
                     </div>
                     <div>
                        <b>Description: </b>Search a object and add that to cart and delete that from the bag
                     </div>
                     <div>
                        <b>Signature: </b>testlogin()[pri:1, instance:com.sample.scripts.VoonikLogin@57175e74]
                     </div>
                     <div>
                        <b>Start time: </b>16:37:53
                     </div>
                     <div>
                        <b>End time: </b>16:40:04
                     </div>
                     <div>
                        <b>Duration: </b>2m
                        11s
                        
                     </div>
                  </div>
               </td>
            </tr>
            <tr></tr>
            <tr id="com.sample.scripts.VoonikLogin_tearDown_byStatus_passed_PASS3_row"
                class="testMethodStatusPASS testMethodStatusCONF">
               <td width="100%" class="firstMethodCell">
                  <a onclick="toggleDetailsVisibility('com.sample.scripts.VoonikLogin_tearDown_byStatus_passed_PASS3_details')">tearDown()</a>
               </td>
               <td nowrap="true">16:40:04</td>
               <td nowrap="true" align="right">9s
                  
               </td>
               <td nowrap="true">
                   
                  
               </td>
            </tr>
            <tr>
               <td colspan="4" class="detailsBox">
                  <div id="com.sample.scripts.VoonikLogin_tearDown_byStatus_passed_PASS3_details"
                       class="testMethodDetails">
                     <div>
                        <b>Name: </b>tearDown
                     </div>
                     <div>
                        <b>Signature: </b>tearDown()[pri:0, instance:com.sample.scripts.VoonikLogin@57175e74]
                     </div>
                     <div>
                        <b>Start time: </b>16:40:04
                     </div>
                     <div>
                        <b>End time: </b>16:40:14
                     </div>
                     <div>
                        <b>Duration: </b>9s
                        
                     </div>
                  </div>
               </td>
            </tr>
            <tr></tr>
            <tr id="com.sample.scripts.VoonikLogin_setUp_byStatus_passed_PASS4_row"
                class="testMethodStatusPASS testMethodStatusCONF">
               <td width="100%" class="firstMethodCell">
                  <a onclick="toggleDetailsVisibility('com.sample.scripts.VoonikLogin_setUp_byStatus_passed_PASS4_details')">setUp()</a>
               </td>
               <td nowrap="true">16:40:14</td>
               <td nowrap="true" align="right">10s
                  
               </td>
               <td nowrap="true">
                   
                  
               </td>
            </tr>
            <tr>
               <td colspan="4" class="detailsBox">
                  <div id="com.sample.scripts.VoonikLogin_setUp_byStatus_passed_PASS4_details"
                       class="testMethodDetails">
                     <div>
                        <b>Name: </b>setUp
                     </div>
                     <div>
                        <b>Signature: </b>setUp()[pri:0, instance:com.sample.scripts.VoonikLogin@57175e74]
                     </div>
                     <div>
                        <b>Start time: </b>16:40:14
                     </div>
                     <div>
                        <b>End time: </b>16:40:25
                     </div>
                     <div>
                        <b>Duration: </b>10s
                        
                     </div>
                  </div>
               </td>
            </tr>
            <tr></tr>
            <tr id="com.sample.scripts.VoonikLogin_tearDown_byStatus_passed_PASS5_row"
                class="testMethodStatusPASS testMethodStatusCONF">
               <td width="100%" class="firstMethodCell">
                  <a onclick="toggleDetailsVisibility('com.sample.scripts.VoonikLogin_tearDown_byStatus_passed_PASS5_details')">tearDown()</a>
               </td>
               <td nowrap="true">16:40:45</td>
               <td nowrap="true" align="right">2s
                  
               </td>
               <td nowrap="true">
                   
                  
               </td>
            </tr>
            <tr>
               <td colspan="4" class="detailsBox">
                  <div id="com.sample.scripts.VoonikLogin_tearDown_byStatus_passed_PASS5_details"
                       class="testMethodDetails">
                     <div>
                        <b>Name: </b>tearDown
                     </div>
                     <div>
                        <b>Signature: </b>tearDown()[pri:0, instance:com.sample.scripts.VoonikLogin@57175e74]
                     </div>
                     <div>
                        <b>Start time: </b>16:40:45
                     </div>
                     <div>
                        <b>End time: </b>16:40:47
                     </div>
                     <div>
                        <b>Duration: </b>2s
                        
                     </div>
                  </div>
               </td>
            </tr>
            <tr></tr>
            <tr id="com.sample.scripts.VoonikLogin_setUp_byStatus_passed_PASS6_row"
                class="testMethodStatusPASS testMethodStatusCONF">
               <td width="100%" class="firstMethodCell">
                  <a onclick="toggleDetailsVisibility('com.sample.scripts.VoonikLogin_setUp_byStatus_passed_PASS6_details')">setUp()</a>
               </td>
               <td nowrap="true">16:40:47</td>
               <td nowrap="true" align="right">9s
                  
               </td>
               <td nowrap="true">
                   
                  
               </td>
            </tr>
            <tr>
               <td colspan="4" class="detailsBox">
                  <div id="com.sample.scripts.VoonikLogin_setUp_byStatus_passed_PASS6_details"
                       class="testMethodDetails">
                     <div>
                        <b>Name: </b>setUp
                     </div>
                     <div>
                        <b>Signature: </b>setUp()[pri:0, instance:com.sample.scripts.VoonikLogin@57175e74]
                     </div>
                     <div>
                        <b>Start time: </b>16:40:47
                     </div>
                     <div>
                        <b>End time: </b>16:40:57
                     </div>
                     <div>
                        <b>Duration: </b>9s
                        
                     </div>
                  </div>
               </td>
            </tr>
            <tr></tr>
            <tr id="com.sample.scripts.VoonikLogin_tearDown_byStatus_passed_PASS7_row"
                class="testMethodStatusPASS testMethodStatusCONF">
               <td width="100%" class="firstMethodCell">
                  <a onclick="toggleDetailsVisibility('com.sample.scripts.VoonikLogin_tearDown_byStatus_passed_PASS7_details')">tearDown()</a>
               </td>
               <td nowrap="true">16:41:45</td>
               <td nowrap="true" align="right">1s
                  
               </td>
               <td nowrap="true">
                   
                  
               </td>
            </tr>
            <tr>
               <td colspan="4" class="detailsBox">
                  <div id="com.sample.scripts.VoonikLogin_tearDown_byStatus_passed_PASS7_details"
                       class="testMethodDetails">
                     <div>
                        <b>Name: </b>tearDown
                     </div>
                     <div>
                        <b>Signature: </b>tearDown()[pri:0, instance:com.sample.scripts.VoonikLogin@57175e74]
                     </div>
                     <div>
                        <b>Start time: </b>16:41:45
                     </div>
                     <div>
                        <b>End time: </b>16:41:47
                     </div>
                     <div>
                        <b>Duration: </b>1s
                        
                     </div>
                  </div>
               </td>
            </tr>
            <tr></tr>
            <tr id="com.sample.scripts.VoonikLogin_setUp_byStatus_passed_PASS8_row"
                class="testMethodStatusPASS testMethodStatusCONF">
               <td width="100%" class="firstMethodCell">
                  <a onclick="toggleDetailsVisibility('com.sample.scripts.VoonikLogin_setUp_byStatus_passed_PASS8_details')">setUp()</a>
               </td>
               <td nowrap="true">16:41:47</td>
               <td nowrap="true" align="right">9s
                  
               </td>
               <td nowrap="true">
                   
                  
               </td>
            </tr>
            <tr>
               <td colspan="4" class="detailsBox">
                  <div id="com.sample.scripts.VoonikLogin_setUp_byStatus_passed_PASS8_details"
                       class="testMethodDetails">
                     <div>
                        <b>Name: </b>setUp
                     </div>
                     <div>
                        <b>Signature: </b>setUp()[pri:0, instance:com.sample.scripts.VoonikLogin@57175e74]
                     </div>
                     <div>
                        <b>Start time: </b>16:41:47
                     </div>
                     <div>
                        <b>End time: </b>16:41:56
                     </div>
                     <div>
                        <b>Duration: </b>9s
                        
                     </div>
                  </div>
               </td>
            </tr>
            <tr></tr>
            <tr id="com.sample.scripts.VoonikLogin_tearDown_byStatus_passed_PASS9_row"
                class="testMethodStatusPASS testMethodStatusCONF">
               <td width="100%" class="firstMethodCell">
                  <a onclick="toggleDetailsVisibility('com.sample.scripts.VoonikLogin_tearDown_byStatus_passed_PASS9_details')">tearDown()</a>
               </td>
               <td nowrap="true">16:42:46</td>
               <td nowrap="true" align="right">1s
                  
               </td>
               <td nowrap="true">
                   
                  
               </td>
            </tr>
            <tr>
               <td colspan="4" class="detailsBox">
                  <div id="com.sample.scripts.VoonikLogin_tearDown_byStatus_passed_PASS9_details"
                       class="testMethodDetails">
                     <div>
                        <b>Name: </b>tearDown
                     </div>
                     <div>
                        <b>Signature: </b>tearDown()[pri:0, instance:com.sample.scripts.VoonikLogin@57175e74]
                     </div>
                     <div>
                        <b>Start time: </b>16:42:46
                     </div>
                     <div>
                        <b>End time: </b>16:42:47
                     </div>
                     <div>
                        <b>Duration: </b>1s
                        
                     </div>
                  </div>
               </td>
            </tr>
            <tr></tr>
            <tr id="com.sample.scripts.VoonikLogin_FilteringProduct_byStatus_skiped_SKIP1_row"
                class="testMethodStatusSKIP">
               <td width="100%" class="firstMethodCell">
                  <a onclick="toggleDetailsVisibility('com.sample.scripts.VoonikLogin_FilteringProduct_byStatus_skiped_SKIP1_details')">FilteringProduct()</a>
               </td>
               <td nowrap="true">16:40:25</td>
               <td nowrap="true" align="right">18s
                  
               </td>
               <td nowrap="true">
                  <a onclick="toggleDetailsVisibility('com.sample.scripts.VoonikLogin_FilteringProduct_byStatus_skiped_SKIP1_exception')">org.testng.SkipException: 
                     Test Check_Checkbox Is Skipped
                     
                  </a>
                   
                  
               </td>
            </tr>
            <tr>
               <td colspan="4" class="detailsBox">
                  <div id="com.sample.scripts.VoonikLogin_FilteringProduct_byStatus_skiped_SKIP1_details"
                       class="testMethodDetails">
                     <div>
                        <b>Name: </b>FilteringProduct
                     </div>
                     <div>
                        <b>Description: </b>Filter the product and add to cart
                     </div>
                     <div>
                        <b>Signature: </b>FilteringProduct()[pri:2, instance:com.sample.scripts.VoonikLogin@57175e74]
                     </div>
                     <div>
                        <b>Start time: </b>16:40:25
                     </div>
                     <div>
                        <b>End time: </b>16:40:43
                     </div>
                     <div>
                        <b>Duration: </b>18s
                        
                     </div>
                  </div>
               </td>
            </tr>
            <tr>
               <td colspan="4" class="detailsBox">
                  <div id="com.sample.scripts.VoonikLogin_FilteringProduct_byStatus_skiped_SKIP1_exception"
                       class="testMethodDetails">
                     <pre style="padding: 5px; margin: 0;">org.testng.SkipException: Test Check_Checkbox Is Skipped
                        	at com.sample.scripts.VoonikLogin.FilteringProduct(VoonikLogin.java:88)
                        	at sun.reflect.NativeMethodAccessorImpl.invoke0(Native Method)
                        	at sun.reflect.NativeMethodAccessorImpl.invoke(Unknown Source)
                        	at sun.reflect.DelegatingMethodAccessorImpl.invoke(Unknown Source)
                        	at java.lang.reflect.Method.invoke(Unknown Source)
                        	at org.testng.internal.MethodInvocationHelper.invokeMethod(MethodInvocationHelper.java:86)
                        	at org.testng.internal.Invoker.invokeMethod(Invoker.java:643)
                        	at org.testng.internal.Invoker.invokeTestMethod(Invoker.java:820)
                        	at org.testng.internal.Invoker.invokeTestMethods(Invoker.java:1128)
                        	at org.testng.internal.TestMethodWorker.invokeTestMethods(TestMethodWorker.java:129)
                        	at org.testng.internal.TestMethodWorker.run(TestMethodWorker.java:112)
                        	at org.testng.TestRunner.privateRun(TestRunner.java:782)
                        	at org.testng.TestRunner.run(TestRunner.java:632)
                        	at org.testng.SuiteRunner.runTest(SuiteRunner.java:366)
                        	at org.testng.SuiteRunner.runSequentially(SuiteRunner.java:361)
                        	at org.testng.SuiteRunner.privateRun(SuiteRunner.java:319)
                        	at org.testng.SuiteRunner.run(SuiteRunner.java:268)
                        	at org.testng.SuiteRunnerWorker.runSuite(SuiteRunnerWorker.java:52)
                        	at org.testng.SuiteRunnerWorker.run(SuiteRunnerWorker.java:86)
                        	at org.testng.TestNG.runSuitesSequentially(TestNG.java:1244)
                        	at org.testng.TestNG.runSuitesLocally(TestNG.java:1169)
                        	at org.testng.TestNG.run(TestNG.java:1064)
                        	at org.testng.remote.AbstractRemoteTestNG.run(AbstractRemoteTestNG.java:126)
                        	at org.testng.remote.RemoteTestNG.initAndRun(RemoteTestNG.java:152)
                        	at org.testng.remote.RemoteTestNG.main(RemoteTestNG.java:57)
                     </pre>
                  </div>
               </td>
            </tr>
            <tr id="com.sample.scripts.VoonikLogin_ChangePassword_byStatus_skiped_SKIP2_row"
                class="testMethodStatusSKIP">
               <td width="100%" class="firstMethodCell">
                  <a onclick="toggleDetailsVisibility('com.sample.scripts.VoonikLogin_ChangePassword_byStatus_skiped_SKIP2_details')">ChangePassword()</a>
               </td>
               <td nowrap="true">16:40:57</td>
               <td nowrap="true" align="right">47s
                  
               </td>
               <td nowrap="true">
                  <a onclick="toggleDetailsVisibility('com.sample.scripts.VoonikLogin_ChangePassword_byStatus_skiped_SKIP2_exception')">org.openqa.selenium.ElementNotVisibleException: 
                     Element is not visible
                     Build info: version: '3.0.1', revision: '1969d75', time: '2016-10-18 09:49:13 -0700'
                     System info: host: 'CBT-CAB3-04', ip: '10.10.12.189', os.name: 'Windows 8.1', os.arch: 'amd64', os.version: '6.3', java.version:
                     '1.8.0_73'
                     Driver info: org.openqa.selenium.firefox.FirefoxDriver
                     Capabilities [{rotatable=false, raisesAccessibilityExceptions=false, marionette=true, firefoxOptions={args=[], prefs={}},
                     appBuildId=20170125094131, version=, platform=XP, proxy={}, command_id=1, specificationLevel=0, acceptSslCerts=false, processId=10208,
                     browserVersion=51.0.1, platformVersion=6.3, XULappId={ec8030f7-c20a-464f-9b0e-13a3a9e97384}, browserName=firefox, takesScreenshot=true,
                     takesElementScreenshot=true, platformName=windows_nt}]
                     Session ID: 2bbdb47a-4c14-45e4-b81b-f91c7f430a12
                     
                  </a>
                   
                  
               </td>
            </tr>
            <tr>
               <td colspan="4" class="detailsBox">
                  <div id="com.sample.scripts.VoonikLogin_ChangePassword_byStatus_skiped_SKIP2_details"
                       class="testMethodDetails">
                     <div>
                        <b>Name: </b>ChangePassword
                     </div>
                     <div>
                        <b>Description: </b>Check functionality on change password
                     </div>
                     <div>
                        <b>Signature: </b>ChangePassword()[pri:3, instance:com.sample.scripts.VoonikLogin@57175e74]
                     </div>
                     <div>
                        <b>Start time: </b>16:40:57
                     </div>
                     <div>
                        <b>End time: </b>16:41:44
                     </div>
                     <div>
                        <b>Duration: </b>47s
                        
                     </div>
                  </div>
               </td>
            </tr>
            <tr>
               <td colspan="4" class="detailsBox">
                  <div id="com.sample.scripts.VoonikLogin_ChangePassword_byStatus_skiped_SKIP2_exception"
                       class="testMethodDetails">
                     <pre style="padding: 5px; margin: 0;">org.openqa.selenium.ElementNotVisibleException: Element is not visible
                        Build info: version: '3.0.1', revision: '1969d75', time: '2016-10-18 09:49:13 -0700'
                        System info: host: 'CBT-CAB3-04', ip: '10.10.12.189', os.name: 'Windows 8.1', os.arch: 'amd64', os.version: '6.3', java.version:
                        '1.8.0_73'
                        Driver info: org.openqa.selenium.firefox.FirefoxDriver
                        Capabilities [{rotatable=false, raisesAccessibilityExceptions=false, marionette=true, firefoxOptions={args=[], prefs={}},
                        appBuildId=20170125094131, version=, platform=XP, proxy={}, command_id=1, specificationLevel=0, acceptSslCerts=false, processId=10208,
                        browserVersion=51.0.1, platformVersion=6.3, XULappId={ec8030f7-c20a-464f-9b0e-13a3a9e97384}, browserName=firefox, takesScreenshot=true,
                        takesElementScreenshot=true, platformName=windows_nt}]
                        Session ID: 2bbdb47a-4c14-45e4-b81b-f91c7f430a12
                        	at sun.reflect.NativeConstructorAccessorImpl.newInstance0(Native Method)
                        	at sun.reflect.NativeConstructorAccessorImpl.newInstance(Unknown Source)
                        	at sun.reflect.DelegatingConstructorAccessorImpl.newInstance(Unknown Source)
                        	at java.lang.reflect.Constructor.newInstance(Unknown Source)
                        	at org.openqa.selenium.remote.http.W3CHttpResponseCodec.createException(W3CHttpResponseCodec.java:127)
                        	at org.openqa.selenium.remote.http.W3CHttpResponseCodec.decode(W3CHttpResponseCodec.java:93)
                        	at org.openqa.selenium.remote.http.W3CHttpResponseCodec.decode(W3CHttpResponseCodec.java:42)
                        	at org.openqa.selenium.remote.HttpCommandExecutor.execute(HttpCommandExecutor.java:163)
                        	at org.openqa.selenium.remote.service.DriverCommandExecutor.execute(DriverCommandExecutor.java:82)
                        	at org.openqa.selenium.remote.RemoteWebDriver.execute(RemoteWebDriver.java:601)
                        	at org.openqa.selenium.remote.RemoteWebElement.execute(RemoteWebElement.java:274)
                        	at org.openqa.selenium.remote.RemoteWebElement.sendKeys(RemoteWebElement.java:98)
                        	at sun.reflect.NativeMethodAccessorImpl.invoke0(Native Method)
                        	at sun.reflect.NativeMethodAccessorImpl.invoke(Unknown Source)
                        	at sun.reflect.DelegatingMethodAccessorImpl.invoke(Unknown Source)
                        	at java.lang.reflect.Method.invoke(Unknown Source)
                        	at org.openqa.selenium.support.pagefactory.internal.LocatingElementHandler.invoke(LocatingElementHandler.java:51)
                        	at com.sun.proxy.$Proxy8.sendKeys(Unknown Source)
                        	at com.sample.scripts.VoonikLogin.ChangePassword(VoonikLogin.java:165)
                        	at sun.reflect.NativeMethodAccessorImpl.invoke0(Native Method)
                        	at sun.reflect.NativeMethodAccessorImpl.invoke(Unknown Source)
                        	at sun.reflect.DelegatingMethodAccessorImpl.invoke(Unknown Source)
                        	at java.lang.reflect.Method.invoke(Unknown Source)
                        	at org.testng.internal.MethodInvocationHelper.invokeMethod(MethodInvocationHelper.java:86)
                        	at org.testng.internal.Invoker.invokeMethod(Invoker.java:643)
                        	at org.testng.internal.Invoker.invokeTestMethod(Invoker.java:820)
                        	at org.testng.internal.Invoker.invokeTestMethods(Invoker.java:1128)
                        	at org.testng.internal.TestMethodWorker.invokeTestMethods(TestMethodWorker.java:129)
                        	at org.testng.internal.TestMethodWorker.run(TestMethodWorker.java:112)
                        	at org.testng.TestRunner.privateRun(TestRunner.java:782)
                        	at org.testng.TestRunner.run(TestRunner.java:632)
                        	at org.testng.SuiteRunner.runTest(SuiteRunner.java:366)
                        	at org.testng.SuiteRunner.runSequentially(SuiteRunner.java:361)
                        	at org.testng.SuiteRunner.privateRun(SuiteRunner.java:319)
                        	at org.testng.SuiteRunner.run(SuiteRunner.java:268)
                        	at org.testng.SuiteRunnerWorker.runSuite(SuiteRunnerWorker.java:52)
                        	at org.testng.SuiteRunnerWorker.run(SuiteRunnerWorker.java:86)
                        	at org.testng.TestNG.runSuitesSequentially(TestNG.java:1244)
                        	at org.testng.TestNG.runSuitesLocally(TestNG.java:1169)
                        	at org.testng.TestNG.run(TestNG.java:1064)
                        	at org.testng.remote.AbstractRemoteTestNG.run(AbstractRemoteTestNG.java:126)
                        	at org.testng.remote.RemoteTestNG.initAndRun(RemoteTestNG.java:152)
                        	at org.testng.remote.RemoteTestNG.main(RemoteTestNG.java:57)
                     </pre>
                  </div>
               </td>
            </tr>
         </table>
      </div>
      <div id="testMethodsByClass">
         <table class="testMethodsTable" cellpadding="0" cellspacing="0">
            <tr>
               <td colspan="4">
                  <h3 style="display: inline;">com.sample.scripts.VoonikLogin</h3>
               </td>
            </tr>
            <tr class="methodsTableHeader">
               <td width="100%">Name</td>
               <td nowrap="true">Started</td>
               <td nowrap="true">Duration</td>
               <td>Exception</td>
            </tr>
            <tr id="com.sample.scripts.VoonikLogin_setUp_byClass_PASS1_row"
                class="testMethodStatusPASS testMethodStatusCONF">
               <td width="100%" class="firstMethodCell">
                  <a onclick="toggleDetailsVisibility('com.sample.scripts.VoonikLogin_setUp_byClass_PASS1_details')">setUp()</a>
               </td>
               <td nowrap="true">16:37:39</td>
               <td nowrap="true" align="right">14s
                  
               </td>
               <td nowrap="true">
                   
                  
               </td>
            </tr>
            <tr>
               <td colspan="4" class="detailsBox">
                  <div id="com.sample.scripts.VoonikLogin_setUp_byClass_PASS1_details"
                       class="testMethodDetails">
                     <div>
                        <b>Name: </b>setUp
                     </div>
                     <div>
                        <b>Signature: </b>setUp()[pri:0, instance:com.sample.scripts.VoonikLogin@57175e74]
                     </div>
                     <div>
                        <b>Start time: </b>16:37:39
                     </div>
                     <div>
                        <b>End time: </b>16:37:53
                     </div>
                     <div>
                        <b>Duration: </b>14s
                        
                     </div>
                  </div>
               </td>
            </tr>
            <tr></tr>
            <tr id="com.sample.scripts.VoonikLogin_testlogin_byClass_PASS2_row"
                class="testMethodStatusPASS">
               <td width="100%" class="firstMethodCell">
                  <a onclick="toggleDetailsVisibility('com.sample.scripts.VoonikLogin_testlogin_byClass_PASS2_details')">testlogin()</a>
               </td>
               <td nowrap="true">16:37:53</td>
               <td nowrap="true" align="right">2m
                  11s
                  
               </td>
               <td nowrap="true">
                   
                  
               </td>
            </tr>
            <tr>
               <td colspan="4" class="detailsBox">
                  <div id="com.sample.scripts.VoonikLogin_testlogin_byClass_PASS2_details"
                       class="testMethodDetails">
                     <div>
                        <b>Name: </b>testlogin
                     </div>
                     <div>
                        <b>Description: </b>Search a object and add that to cart and delete that from the bag
                     </div>
                     <div>
                        <b>Signature: </b>testlogin()[pri:1, instance:com.sample.scripts.VoonikLogin@57175e74]
                     </div>
                     <div>
                        <b>Start time: </b>16:37:53
                     </div>
                     <div>
                        <b>End time: </b>16:40:04
                     </div>
                     <div>
                        <b>Duration: </b>2m
                        11s
                        
                     </div>
                  </div>
               </td>
            </tr>
            <tr></tr>
            <tr id="com.sample.scripts.VoonikLogin_tearDown_byClass_PASS3_row"
                class="testMethodStatusPASS testMethodStatusCONF">
               <td width="100%" class="firstMethodCell">
                  <a onclick="toggleDetailsVisibility('com.sample.scripts.VoonikLogin_tearDown_byClass_PASS3_details')">tearDown()</a>
               </td>
               <td nowrap="true">16:40:04</td>
               <td nowrap="true" align="right">9s
                  
               </td>
               <td nowrap="true">
                   
                  
               </td>
            </tr>
            <tr>
               <td colspan="4" class="detailsBox">
                  <div id="com.sample.scripts.VoonikLogin_tearDown_byClass_PASS3_details"
                       class="testMethodDetails">
                     <div>
                        <b>Name: </b>tearDown
                     </div>
                     <div>
                        <b>Signature: </b>tearDown()[pri:0, instance:com.sample.scripts.VoonikLogin@57175e74]
                     </div>
                     <div>
                        <b>Start time: </b>16:40:04
                     </div>
                     <div>
                        <b>End time: </b>16:40:14
                     </div>
                     <div>
                        <b>Duration: </b>9s
                        
                     </div>
                  </div>
               </td>
            </tr>
            <tr></tr>
            <tr id="com.sample.scripts.VoonikLogin_setUp_byClass_PASS4_row"
                class="testMethodStatusPASS testMethodStatusCONF">
               <td width="100%" class="firstMethodCell">
                  <a onclick="toggleDetailsVisibility('com.sample.scripts.VoonikLogin_setUp_byClass_PASS4_details')">setUp()</a>
               </td>
               <td nowrap="true">16:40:14</td>
               <td nowrap="true" align="right">10s
                  
               </td>
               <td nowrap="true">
                   
                  
               </td>
            </tr>
            <tr>
               <td colspan="4" class="detailsBox">
                  <div id="com.sample.scripts.VoonikLogin_setUp_byClass_PASS4_details"
                       class="testMethodDetails">
                     <div>
                        <b>Name: </b>setUp
                     </div>
                     <div>
                        <b>Signature: </b>setUp()[pri:0, instance:com.sample.scripts.VoonikLogin@57175e74]
                     </div>
                     <div>
                        <b>Start time: </b>16:40:14
                     </div>
                     <div>
                        <b>End time: </b>16:40:25
                     </div>
                     <div>
                        <b>Duration: </b>10s
                        
                     </div>
                  </div>
               </td>
            </tr>
            <tr></tr>
            <tr id="com.sample.scripts.VoonikLogin_FilteringProduct_byClass_SKIP5_row"
                class="testMethodStatusSKIP">
               <td width="100%" class="firstMethodCell">
                  <a onclick="toggleDetailsVisibility('com.sample.scripts.VoonikLogin_FilteringProduct_byClass_SKIP5_details')">FilteringProduct()</a>
               </td>
               <td nowrap="true">16:40:25</td>
               <td nowrap="true" align="right">18s
                  
               </td>
               <td nowrap="true">
                  <a onclick="toggleDetailsVisibility('com.sample.scripts.VoonikLogin_FilteringProduct_byClass_SKIP5_exception')">org.testng.SkipException: 
                     Test Check_Checkbox Is Skipped
                     
                  </a>
                   
                  
               </td>
            </tr>
            <tr>
               <td colspan="4" class="detailsBox">
                  <div id="com.sample.scripts.VoonikLogin_FilteringProduct_byClass_SKIP5_details"
                       class="testMethodDetails">
                     <div>
                        <b>Name: </b>FilteringProduct
                     </div>
                     <div>
                        <b>Description: </b>Filter the product and add to cart
                     </div>
                     <div>
                        <b>Signature: </b>FilteringProduct()[pri:2, instance:com.sample.scripts.VoonikLogin@57175e74]
                     </div>
                     <div>
                        <b>Start time: </b>16:40:25
                     </div>
                     <div>
                        <b>End time: </b>16:40:43
                     </div>
                     <div>
                        <b>Duration: </b>18s
                        
                     </div>
                  </div>
               </td>
            </tr>
            <tr>
               <td colspan="4" class="detailsBox">
                  <div id="com.sample.scripts.VoonikLogin_FilteringProduct_byClass_SKIP5_exception"
                       class="testMethodDetails">
                     <pre style="padding: 5px; margin: 0;">org.testng.SkipException: Test Check_Checkbox Is Skipped
                        	at com.sample.scripts.VoonikLogin.FilteringProduct(VoonikLogin.java:88)
                        	at sun.reflect.NativeMethodAccessorImpl.invoke0(Native Method)
                        	at sun.reflect.NativeMethodAccessorImpl.invoke(Unknown Source)
                        	at sun.reflect.DelegatingMethodAccessorImpl.invoke(Unknown Source)
                        	at java.lang.reflect.Method.invoke(Unknown Source)
                        	at org.testng.internal.MethodInvocationHelper.invokeMethod(MethodInvocationHelper.java:86)
                        	at org.testng.internal.Invoker.invokeMethod(Invoker.java:643)
                        	at org.testng.internal.Invoker.invokeTestMethod(Invoker.java:820)
                        	at org.testng.internal.Invoker.invokeTestMethods(Invoker.java:1128)
                        	at org.testng.internal.TestMethodWorker.invokeTestMethods(TestMethodWorker.java:129)
                        	at org.testng.internal.TestMethodWorker.run(TestMethodWorker.java:112)
                        	at org.testng.TestRunner.privateRun(TestRunner.java:782)
                        	at org.testng.TestRunner.run(TestRunner.java:632)
                        	at org.testng.SuiteRunner.runTest(SuiteRunner.java:366)
                        	at org.testng.SuiteRunner.runSequentially(SuiteRunner.java:361)
                        	at org.testng.SuiteRunner.privateRun(SuiteRunner.java:319)
                        	at org.testng.SuiteRunner.run(SuiteRunner.java:268)
                        	at org.testng.SuiteRunnerWorker.runSuite(SuiteRunnerWorker.java:52)
                        	at org.testng.SuiteRunnerWorker.run(SuiteRunnerWorker.java:86)
                        	at org.testng.TestNG.runSuitesSequentially(TestNG.java:1244)
                        	at org.testng.TestNG.runSuitesLocally(TestNG.java:1169)
                        	at org.testng.TestNG.run(TestNG.java:1064)
                        	at org.testng.remote.AbstractRemoteTestNG.run(AbstractRemoteTestNG.java:126)
                        	at org.testng.remote.RemoteTestNG.initAndRun(RemoteTestNG.java:152)
                        	at org.testng.remote.RemoteTestNG.main(RemoteTestNG.java:57)
                     </pre>
                  </div>
               </td>
            </tr>
            <tr id="com.sample.scripts.VoonikLogin_tearDown_byClass_PASS6_row"
                class="testMethodStatusPASS testMethodStatusCONF">
               <td width="100%" class="firstMethodCell">
                  <a onclick="toggleDetailsVisibility('com.sample.scripts.VoonikLogin_tearDown_byClass_PASS6_details')">tearDown()</a>
               </td>
               <td nowrap="true">16:40:45</td>
               <td nowrap="true" align="right">2s
                  
               </td>
               <td nowrap="true">
                   
                  
               </td>
            </tr>
            <tr>
               <td colspan="4" class="detailsBox">
                  <div id="com.sample.scripts.VoonikLogin_tearDown_byClass_PASS6_details"
                       class="testMethodDetails">
                     <div>
                        <b>Name: </b>tearDown
                     </div>
                     <div>
                        <b>Signature: </b>tearDown()[pri:0, instance:com.sample.scripts.VoonikLogin@57175e74]
                     </div>
                     <div>
                        <b>Start time: </b>16:40:45
                     </div>
                     <div>
                        <b>End time: </b>16:40:47
                     </div>
                     <div>
                        <b>Duration: </b>2s
                        
                     </div>
                  </div>
               </td>
            </tr>
            <tr></tr>
            <tr id="com.sample.scripts.VoonikLogin_setUp_byClass_PASS7_row"
                class="testMethodStatusPASS testMethodStatusCONF">
               <td width="100%" class="firstMethodCell">
                  <a onclick="toggleDetailsVisibility('com.sample.scripts.VoonikLogin_setUp_byClass_PASS7_details')">setUp()</a>
               </td>
               <td nowrap="true">16:40:47</td>
               <td nowrap="true" align="right">9s
                  
               </td>
               <td nowrap="true">
                   
                  
               </td>
            </tr>
            <tr>
               <td colspan="4" class="detailsBox">
                  <div id="com.sample.scripts.VoonikLogin_setUp_byClass_PASS7_details"
                       class="testMethodDetails">
                     <div>
                        <b>Name: </b>setUp
                     </div>
                     <div>
                        <b>Signature: </b>setUp()[pri:0, instance:com.sample.scripts.VoonikLogin@57175e74]
                     </div>
                     <div>
                        <b>Start time: </b>16:40:47
                     </div>
                     <div>
                        <b>End time: </b>16:40:57
                     </div>
                     <div>
                        <b>Duration: </b>9s
                        
                     </div>
                  </div>
               </td>
            </tr>
            <tr></tr>
            <tr id="com.sample.scripts.VoonikLogin_ChangePassword_byClass_SKIP8_row"
                class="testMethodStatusSKIP">
               <td width="100%" class="firstMethodCell">
                  <a onclick="toggleDetailsVisibility('com.sample.scripts.VoonikLogin_ChangePassword_byClass_SKIP8_details')">ChangePassword()</a>
               </td>
               <td nowrap="true">16:40:57</td>
               <td nowrap="true" align="right">47s
                  
               </td>
               <td nowrap="true">
                  <a onclick="toggleDetailsVisibility('com.sample.scripts.VoonikLogin_ChangePassword_byClass_SKIP8_exception')">org.openqa.selenium.ElementNotVisibleException: 
                     Element is not visible
                     Build info: version: '3.0.1', revision: '1969d75', time: '2016-10-18 09:49:13 -0700'
                     System info: host: 'CBT-CAB3-04', ip: '10.10.12.189', os.name: 'Windows 8.1', os.arch: 'amd64', os.version: '6.3', java.version:
                     '1.8.0_73'
                     Driver info: org.openqa.selenium.firefox.FirefoxDriver
                     Capabilities [{rotatable=false, raisesAccessibilityExceptions=false, marionette=true, firefoxOptions={args=[], prefs={}},
                     appBuildId=20170125094131, version=, platform=XP, proxy={}, command_id=1, specificationLevel=0, acceptSslCerts=false, processId=10208,
                     browserVersion=51.0.1, platformVersion=6.3, XULappId={ec8030f7-c20a-464f-9b0e-13a3a9e97384}, browserName=firefox, takesScreenshot=true,
                     takesElementScreenshot=true, platformName=windows_nt}]
                     Session ID: 2bbdb47a-4c14-45e4-b81b-f91c7f430a12
                     
                  </a>
                   
                  
               </td>
            </tr>
            <tr>
               <td colspan="4" class="detailsBox">
                  <div id="com.sample.scripts.VoonikLogin_ChangePassword_byClass_SKIP8_details"
                       class="testMethodDetails">
                     <div>
                        <b>Name: </b>ChangePassword
                     </div>
                     <div>
                        <b>Description: </b>Check functionality on change password
                     </div>
                     <div>
                        <b>Signature: </b>ChangePassword()[pri:3, instance:com.sample.scripts.VoonikLogin@57175e74]
                     </div>
                     <div>
                        <b>Start time: </b>16:40:57
                     </div>
                     <div>
                        <b>End time: </b>16:41:44
                     </div>
                     <div>
                        <b>Duration: </b>47s
                        
                     </div>
                  </div>
               </td>
            </tr>
            <tr>
               <td colspan="4" class="detailsBox">
                  <div id="com.sample.scripts.VoonikLogin_ChangePassword_byClass_SKIP8_exception"
                       class="testMethodDetails">
                     <pre style="padding: 5px; margin: 0;">org.openqa.selenium.ElementNotVisibleException: Element is not visible
                        Build info: version: '3.0.1', revision: '1969d75', time: '2016-10-18 09:49:13 -0700'
                        System info: host: 'CBT-CAB3-04', ip: '10.10.12.189', os.name: 'Windows 8.1', os.arch: 'amd64', os.version: '6.3', java.version:
                        '1.8.0_73'
                        Driver info: org.openqa.selenium.firefox.FirefoxDriver
                        Capabilities [{rotatable=false, raisesAccessibilityExceptions=false, marionette=true, firefoxOptions={args=[], prefs={}},
                        appBuildId=20170125094131, version=, platform=XP, proxy={}, command_id=1, specificationLevel=0, acceptSslCerts=false, processId=10208,
                        browserVersion=51.0.1, platformVersion=6.3, XULappId={ec8030f7-c20a-464f-9b0e-13a3a9e97384}, browserName=firefox, takesScreenshot=true,
                        takesElementScreenshot=true, platformName=windows_nt}]
                        Session ID: 2bbdb47a-4c14-45e4-b81b-f91c7f430a12
                        	at sun.reflect.NativeConstructorAccessorImpl.newInstance0(Native Method)
                        	at sun.reflect.NativeConstructorAccessorImpl.newInstance(Unknown Source)
                        	at sun.reflect.DelegatingConstructorAccessorImpl.newInstance(Unknown Source)
                        	at java.lang.reflect.Constructor.newInstance(Unknown Source)
                        	at org.openqa.selenium.remote.http.W3CHttpResponseCodec.createException(W3CHttpResponseCodec.java:127)
                        	at org.openqa.selenium.remote.http.W3CHttpResponseCodec.decode(W3CHttpResponseCodec.java:93)
                        	at org.openqa.selenium.remote.http.W3CHttpResponseCodec.decode(W3CHttpResponseCodec.java:42)
                        	at org.openqa.selenium.remote.HttpCommandExecutor.execute(HttpCommandExecutor.java:163)
                        	at org.openqa.selenium.remote.service.DriverCommandExecutor.execute(DriverCommandExecutor.java:82)
                        	at org.openqa.selenium.remote.RemoteWebDriver.execute(RemoteWebDriver.java:601)
                        	at org.openqa.selenium.remote.RemoteWebElement.execute(RemoteWebElement.java:274)
                        	at org.openqa.selenium.remote.RemoteWebElement.sendKeys(RemoteWebElement.java:98)
                        	at sun.reflect.NativeMethodAccessorImpl.invoke0(Native Method)
                        	at sun.reflect.NativeMethodAccessorImpl.invoke(Unknown Source)
                        	at sun.reflect.DelegatingMethodAccessorImpl.invoke(Unknown Source)
                        	at java.lang.reflect.Method.invoke(Unknown Source)
                        	at org.openqa.selenium.support.pagefactory.internal.LocatingElementHandler.invoke(LocatingElementHandler.java:51)
                        	at com.sun.proxy.$Proxy8.sendKeys(Unknown Source)
                        	at com.sample.scripts.VoonikLogin.ChangePassword(VoonikLogin.java:165)
                        	at sun.reflect.NativeMethodAccessorImpl.invoke0(Native Method)
                        	at sun.reflect.NativeMethodAccessorImpl.invoke(Unknown Source)
                        	at sun.reflect.DelegatingMethodAccessorImpl.invoke(Unknown Source)
                        	at java.lang.reflect.Method.invoke(Unknown Source)
                        	at org.testng.internal.MethodInvocationHelper.invokeMethod(MethodInvocationHelper.java:86)
                        	at org.testng.internal.Invoker.invokeMethod(Invoker.java:643)
                        	at org.testng.internal.Invoker.invokeTestMethod(Invoker.java:820)
                        	at org.testng.internal.Invoker.invokeTestMethods(Invoker.java:1128)
                        	at org.testng.internal.TestMethodWorker.invokeTestMethods(TestMethodWorker.java:129)
                        	at org.testng.internal.TestMethodWorker.run(TestMethodWorker.java:112)
                        	at org.testng.TestRunner.privateRun(TestRunner.java:782)
                        	at org.testng.TestRunner.run(TestRunner.java:632)
                        	at org.testng.SuiteRunner.runTest(SuiteRunner.java:366)
                        	at org.testng.SuiteRunner.runSequentially(SuiteRunner.java:361)
                        	at org.testng.SuiteRunner.privateRun(SuiteRunner.java:319)
                        	at org.testng.SuiteRunner.run(SuiteRunner.java:268)
                        	at org.testng.SuiteRunnerWorker.runSuite(SuiteRunnerWorker.java:52)
                        	at org.testng.SuiteRunnerWorker.run(SuiteRunnerWorker.java:86)
                        	at org.testng.TestNG.runSuitesSequentially(TestNG.java:1244)
                        	at org.testng.TestNG.runSuitesLocally(TestNG.java:1169)
                        	at org.testng.TestNG.run(TestNG.java:1064)
                        	at org.testng.remote.AbstractRemoteTestNG.run(AbstractRemoteTestNG.java:126)
                        	at org.testng.remote.RemoteTestNG.initAndRun(RemoteTestNG.java:152)
                        	at org.testng.remote.RemoteTestNG.main(RemoteTestNG.java:57)
                     </pre>
                  </div>
               </td>
            </tr>
            <tr id="com.sample.scripts.VoonikLogin_tearDown_byClass_PASS9_row"
                class="testMethodStatusPASS testMethodStatusCONF">
               <td width="100%" class="firstMethodCell">
                  <a onclick="toggleDetailsVisibility('com.sample.scripts.VoonikLogin_tearDown_byClass_PASS9_details')">tearDown()</a>
               </td>
               <td nowrap="true">16:41:45</td>
               <td nowrap="true" align="right">1s
                  
               </td>
               <td nowrap="true">
                   
                  
               </td>
            </tr>
            <tr>
               <td colspan="4" class="detailsBox">
                  <div id="com.sample.scripts.VoonikLogin_tearDown_byClass_PASS9_details"
                       class="testMethodDetails">
                     <div>
                        <b>Name: </b>tearDown
                     </div>
                     <div>
                        <b>Signature: </b>tearDown()[pri:0, instance:com.sample.scripts.VoonikLogin@57175e74]
                     </div>
                     <div>
                        <b>Start time: </b>16:41:45
                     </div>
                     <div>
                        <b>End time: </b>16:41:47
                     </div>
                     <div>
                        <b>Duration: </b>1s
                        
                     </div>
                  </div>
               </td>
            </tr>
            <tr></tr>
            <tr id="com.sample.scripts.VoonikLogin_setUp_byClass_PASS10_row"
                class="testMethodStatusPASS testMethodStatusCONF">
               <td width="100%" class="firstMethodCell">
                  <a onclick="toggleDetailsVisibility('com.sample.scripts.VoonikLogin_setUp_byClass_PASS10_details')">setUp()</a>
               </td>
               <td nowrap="true">16:41:47</td>
               <td nowrap="true" align="right">9s
                  
               </td>
               <td nowrap="true">
                   
                  
               </td>
            </tr>
            <tr>
               <td colspan="4" class="detailsBox">
                  <div id="com.sample.scripts.VoonikLogin_setUp_byClass_PASS10_details"
                       class="testMethodDetails">
                     <div>
                        <b>Name: </b>setUp
                     </div>
                     <div>
                        <b>Signature: </b>setUp()[pri:0, instance:com.sample.scripts.VoonikLogin@57175e74]
                     </div>
                     <div>
                        <b>Start time: </b>16:41:47
                     </div>
                     <div>
                        <b>End time: </b>16:41:56
                     </div>
                     <div>
                        <b>Duration: </b>9s
                        
                     </div>
                  </div>
               </td>
            </tr>
            <tr></tr>
            <tr id="com.sample.scripts.VoonikLogin_ChangePassword_byClass_FAIL11_row"
                class="testMethodStatusFAIL">
               <td width="100%" class="firstMethodCell">
                  <a onclick="toggleDetailsVisibility('com.sample.scripts.VoonikLogin_ChangePassword_byClass_FAIL11_details')">ChangePassword()</a>
               </td>
               <td nowrap="true">16:41:56</td>
               <td nowrap="true" align="right">49s
                  
               </td>
               <td nowrap="true">
                  <a onclick="toggleDetailsVisibility('com.sample.scripts.VoonikLogin_ChangePassword_byClass_FAIL11_exception')">org.openqa.selenium.ElementNotVisibleException: 
                     Element is not visible
                     Build info: version: '3.0.1', revision: '1969d75', time: '2016-10-18 09:49:13 -0700'
                     System info: host: 'CBT-CAB3-04', ip: '10.10.12.189', os.name: 'Windows 8.1', os.arch: 'amd64', os.version: '6.3', java.version:
                     '1.8.0_73'
                     Driver info: org.openqa.selenium.firefox.FirefoxDriver
                     Capabilities [{rotatable=false, raisesAccessibilityExceptions=false, marionette=true, firefoxOptions={args=[], prefs={}},
                     appBuildId=20170125094131, version=, platform=XP, proxy={}, command_id=1, specificationLevel=0, acceptSslCerts=false, processId=4412,
                     browserVersion=51.0.1, platformVersion=6.3, XULappId={ec8030f7-c20a-464f-9b0e-13a3a9e97384}, browserName=firefox, takesScreenshot=true,
                     takesElementScreenshot=true, platformName=windows_nt}]
                     Session ID: 012eb647-5b73-45a6-83c5-e92f7b4d05e3
                     
                  </a>
                   
                  
               </td>
            </tr>
            <tr>
               <td colspan="4" class="detailsBox">
                  <div id="com.sample.scripts.VoonikLogin_ChangePassword_byClass_FAIL11_details"
                       class="testMethodDetails">
                     <div>
                        <b>Name: </b>ChangePassword
                     </div>
                     <div>
                        <b>Description: </b>Check functionality on change password
                     </div>
                     <div>
                        <b>Signature: </b>ChangePassword()[pri:3, instance:com.sample.scripts.VoonikLogin@57175e74]
                     </div>
                     <div>
                        <b>Start time: </b>16:41:56
                     </div>
                     <div>
                        <b>End time: </b>16:42:45
                     </div>
                     <div>
                        <b>Duration: </b>49s
                        
                     </div>
                  </div>
               </td>
            </tr>
            <tr>
               <td colspan="4" class="detailsBox">
                  <div id="com.sample.scripts.VoonikLogin_ChangePassword_byClass_FAIL11_exception"
                       class="testMethodDetails">
                     <pre style="padding: 5px; margin: 0;">org.openqa.selenium.ElementNotVisibleException: Element is not visible
                        Build info: version: '3.0.1', revision: '1969d75', time: '2016-10-18 09:49:13 -0700'
                        System info: host: 'CBT-CAB3-04', ip: '10.10.12.189', os.name: 'Windows 8.1', os.arch: 'amd64', os.version: '6.3', java.version:
                        '1.8.0_73'
                        Driver info: org.openqa.selenium.firefox.FirefoxDriver
                        Capabilities [{rotatable=false, raisesAccessibilityExceptions=false, marionette=true, firefoxOptions={args=[], prefs={}},
                        appBuildId=20170125094131, version=, platform=XP, proxy={}, command_id=1, specificationLevel=0, acceptSslCerts=false, processId=4412,
                        browserVersion=51.0.1, platformVersion=6.3, XULappId={ec8030f7-c20a-464f-9b0e-13a3a9e97384}, browserName=firefox, takesScreenshot=true,
                        takesElementScreenshot=true, platformName=windows_nt}]
                        Session ID: 012eb647-5b73-45a6-83c5-e92f7b4d05e3
                        	at sun.reflect.NativeConstructorAccessorImpl.newInstance0(Native Method)
                        	at sun.reflect.NativeConstructorAccessorImpl.newInstance(Unknown Source)
                        	at sun.reflect.DelegatingConstructorAccessorImpl.newInstance(Unknown Source)
                        	at java.lang.reflect.Constructor.newInstance(Unknown Source)
                        	at org.openqa.selenium.remote.http.W3CHttpResponseCodec.createException(W3CHttpResponseCodec.java:127)
                        	at org.openqa.selenium.remote.http.W3CHttpResponseCodec.decode(W3CHttpResponseCodec.java:93)
                        	at org.openqa.selenium.remote.http.W3CHttpResponseCodec.decode(W3CHttpResponseCodec.java:42)
                        	at org.openqa.selenium.remote.HttpCommandExecutor.execute(HttpCommandExecutor.java:163)
                        	at org.openqa.selenium.remote.service.DriverCommandExecutor.execute(DriverCommandExecutor.java:82)
                        	at org.openqa.selenium.remote.RemoteWebDriver.execute(RemoteWebDriver.java:601)
                        	at org.openqa.selenium.remote.RemoteWebElement.execute(RemoteWebElement.java:274)
                        	at org.openqa.selenium.remote.RemoteWebElement.sendKeys(RemoteWebElement.java:98)
                        	at sun.reflect.NativeMethodAccessorImpl.invoke0(Native Method)
                        	at sun.reflect.NativeMethodAccessorImpl.invoke(Unknown Source)
                        	at sun.reflect.DelegatingMethodAccessorImpl.invoke(Unknown Source)
                        	at java.lang.reflect.Method.invoke(Unknown Source)
                        	at org.openqa.selenium.support.pagefactory.internal.LocatingElementHandler.invoke(LocatingElementHandler.java:51)
                        	at com.sun.proxy.$Proxy8.sendKeys(Unknown Source)
                        	at com.sample.scripts.VoonikLogin.ChangePassword(VoonikLogin.java:165)
                        	at sun.reflect.NativeMethodAccessorImpl.invoke0(Native Method)
                        	at sun.reflect.NativeMethodAccessorImpl.invoke(Unknown Source)
                        	at sun.reflect.DelegatingMethodAccessorImpl.invoke(Unknown Source)
                        	at java.lang.reflect.Method.invoke(Unknown Source)
                        	at org.testng.internal.MethodInvocationHelper.invokeMethod(MethodInvocationHelper.java:86)
                        	at org.testng.internal.Invoker.invokeMethod(Invoker.java:643)
                        	at org.testng.internal.Invoker.retryFailed(Invoker.java:967)
                        	at org.testng.internal.Invoker.invokeTestMethods(Invoker.java:1146)
                        	at org.testng.internal.TestMethodWorker.invokeTestMethods(TestMethodWorker.java:129)
                        	at org.testng.internal.TestMethodWorker.run(TestMethodWorker.java:112)
                        	at org.testng.TestRunner.privateRun(TestRunner.java:782)
                        	at org.testng.TestRunner.run(TestRunner.java:632)
                        	at org.testng.SuiteRunner.runTest(SuiteRunner.java:366)
                        	at org.testng.SuiteRunner.runSequentially(SuiteRunner.java:361)
                        	at org.testng.SuiteRunner.privateRun(SuiteRunner.java:319)
                        	at org.testng.SuiteRunner.run(SuiteRunner.java:268)
                        	at org.testng.SuiteRunnerWorker.runSuite(SuiteRunnerWorker.java:52)
                        	at org.testng.SuiteRunnerWorker.run(SuiteRunnerWorker.java:86)
                        	at org.testng.TestNG.runSuitesSequentially(TestNG.java:1244)
                        	at org.testng.TestNG.runSuitesLocally(TestNG.java:1169)
                        	at org.testng.TestNG.run(TestNG.java:1064)
                        	at org.testng.remote.AbstractRemoteTestNG.run(AbstractRemoteTestNG.java:126)
                        	at org.testng.remote.RemoteTestNG.initAndRun(RemoteTestNG.java:152)
                        	at org.testng.remote.RemoteTestNG.main(RemoteTestNG.java:57)
                     </pre>
                  </div>
               </td>
            </tr>
            <tr id="com.sample.scripts.VoonikLogin_tearDown_byClass_PASS12_row"
                class="testMethodStatusPASS testMethodStatusCONF">
               <td width="100%" class="firstMethodCell">
                  <a onclick="toggleDetailsVisibility('com.sample.scripts.VoonikLogin_tearDown_byClass_PASS12_details')">tearDown()</a>
               </td>
               <td nowrap="true">16:42:46</td>
               <td nowrap="true" align="right">1s
                  
               </td>
               <td nowrap="true">
                   
                  
               </td>
            </tr>
            <tr>
               <td colspan="4" class="detailsBox">
                  <div id="com.sample.scripts.VoonikLogin_tearDown_byClass_PASS12_details"
                       class="testMethodDetails">
                     <div>
                        <b>Name: </b>tearDown
                     </div>
                     <div>
                        <b>Signature: </b>tearDown()[pri:0, instance:com.sample.scripts.VoonikLogin@57175e74]
                     </div>
                     <div>
                        <b>Start time: </b>16:42:46
                     </div>
                     <div>
                        <b>End time: </b>16:42:47
                     </div>
                     <div>
                        <b>Duration: </b>1s
                        
                     </div>
                  </div>
               </td>
            </tr>
            <tr></tr>
         </table>
         <br></br>
      </div>
      <div style="margin-top: 15px; color: gray; text-align: center; font-size: 9px;">
         Generated with
         
         <a href="http://code.google.com/p/testng-xslt/" style="color: #8888aa;"
            target="_blank">
            TestNG XSLT
            
         </a>
      </div>
   </body>
</html>