<?xml version="1.0" encoding="UTF-8"?>
<!-- Generated by org.testng.reporters.JUnitXMLReporter -->
<testsuite hostname="CBT-CAB3-04" name="Firefox Test" tests="3" failures="0" timestamp="27 Feb 2017 05:46:07 GMT" time="1.17" errors="0">
  <testcase name="@BeforeMethod setup" time="0.0" classname="com.sample.scripts.VoonikLogin">
    <failure type="java.lang.IllegalStateException" message="The driver executable does not exist: D:\Ibrahim\Project\Sample_voonik\resources\geckodriver.exe">
      <![CDATA[java.lang.IllegalStateException: The driver executable does not exist: D:\Ibrahim\Project\Sample_voonik\resources\geckodriver.exe
	at com.google.common.base.Preconditions.checkState(Preconditions.java:199)
	at org.openqa.selenium.remote.service.DriverService.checkExecutable(DriverService.java:121)
	at org.openqa.selenium.remote.service.DriverService.findExecutable(DriverService.java:116)
	at org.openqa.selenium.firefox.GeckoDriverService.access$000(GeckoDriverService.java:37)
	at org.openqa.selenium.firefox.GeckoDriverService$Builder.findDefaultExecutable(GeckoDriverService.java:95)
	at org.openqa.selenium.remote.service.DriverService$Builder.build(DriverService.java:296)
	at org.openqa.selenium.firefox.FirefoxDriver.createCommandExecutor(FirefoxDriver.java:277)
	at org.openqa.selenium.firefox.FirefoxDriver.<init>(FirefoxDriver.java:247)
	at org.openqa.selenium.firefox.FirefoxDriver.<init>(FirefoxDriver.java:242)
	at org.openqa.selenium.firefox.FirefoxDriver.<init>(FirefoxDriver.java:238)
	at org.openqa.selenium.firefox.FirefoxDriver.<init>(FirefoxDriver.java:127)
	at com.sample.library.Parallelbaselib.setup(Parallelbaselib.java:27)
... Removed 26 stack frames]]>
    </failure>
  </testcase> <!-- @BeforeMethod setup -->
  <testcase name="@AfterMethod tearDown" time="0.0" classname="com.sample.scripts.VoonikLogin">
    <skipped/>
  </testcase> <!-- @AfterMethod tearDown -->
  <testcase name="@BeforeMethod setup" time="0.0" classname="com.sample.scripts.VoonikLogin">
    <skipped/>
  </testcase> <!-- @BeforeMethod setup -->
  <testcase name="@AfterMethod tearDown" time="0.0" classname="com.sample.scripts.VoonikLogin">
    <skipped/>
  </testcase> <!-- @AfterMethod tearDown -->
  <testcase name="@BeforeMethod setup" time="0.0" classname="com.sample.scripts.VoonikLogin">
    <skipped/>
  </testcase> <!-- @BeforeMethod setup -->
  <testcase name="@AfterMethod tearDown" time="0.0" classname="com.sample.scripts.VoonikLogin">
    <skipped/>
  </testcase> <!-- @AfterMethod tearDown -->
  <testcase name="testlogin" time="0.009" classname="com.sample.scripts.VoonikLogin">
    <skipped/>
  </testcase> <!-- testlogin -->
  <testcase name="FilteringProduct" time="0.004" classname="com.sample.scripts.VoonikLogin">
    <skipped/>
  </testcase> <!-- FilteringProduct -->
  <testcase name="ChangePassword" time="0.003" classname="com.sample.scripts.VoonikLogin">
    <skipped/>
  </testcase> <!-- ChangePassword -->
</testsuite> <!-- Firefox Test -->
