<?xml version="1.0" encoding="UTF-8"?>
<testng-results skipped="2" failed="1" total="4" passed="1">
  <reporter-output>
  </reporter-output>
  <suite name="Suite" duration-ms="277118" started-at="2017-03-02T09:56:45Z" finished-at="2017-03-02T10:01:22Z">
    <groups>
    </groups>
    <test name="Regression" duration-ms="277118" started-at="2017-03-02T09:56:45Z" finished-at="2017-03-02T10:01:22Z">
      <class name="com.sample.scripts.VoonikLogin">
        <test-method status="PASS" signature="setUp()[pri:0, instance:com.sample.scripts.VoonikLogin@4c40b76e]" name="setUp" is-config="true" duration-ms="10433" started-at="2017-03-02T15:26:45Z" finished-at="2017-03-02T15:26:55Z">
          <reporter-output>
          </reporter-output>
        </test-method> <!-- setUp -->
        <test-method status="PASS" signature="testlogin()[pri:1, instance:com.sample.scripts.VoonikLogin@4c40b76e]" name="testlogin" duration-ms="92892" started-at="2017-03-02T15:26:55Z" description="Search a object and add that to cart and delete that from the bag" finished-at="2017-03-02T15:28:28Z">
          <reporter-output>
          </reporter-output>
        </test-method> <!-- testlogin -->
        <test-method status="PASS" signature="tearDown()[pri:0, instance:com.sample.scripts.VoonikLogin@4c40b76e]" name="tearDown" is-config="true" duration-ms="399" started-at="2017-03-02T15:28:28Z" finished-at="2017-03-02T15:28:29Z">
          <reporter-output>
          </reporter-output>
        </test-method> <!-- tearDown -->
        <test-method status="PASS" signature="setUp()[pri:0, instance:com.sample.scripts.VoonikLogin@4c40b76e]" name="setUp" is-config="true" duration-ms="8914" started-at="2017-03-02T15:28:29Z" finished-at="2017-03-02T15:28:38Z">
          <reporter-output>
          </reporter-output>
        </test-method> <!-- setUp -->
        <test-method status="SKIP" signature="FilteringProduct()[pri:2, instance:com.sample.scripts.VoonikLogin@4c40b76e]" name="FilteringProduct" duration-ms="20325" started-at="2017-03-02T15:28:38Z" description="Filter the product and add to cart" finished-at="2017-03-02T15:28:58Z">
          <exception class="org.testng.SkipException">
            <message>
              <![CDATA[Test Check_Checkbox Is Skipped]]>
            </message>
            <full-stacktrace>
              <![CDATA[org.testng.SkipException: Test Check_Checkbox Is Skipped
	at com.sample.scripts.VoonikLogin.FilteringProduct(VoonikLogin.java:88)
	at sun.reflect.NativeMethodAccessorImpl.invoke0(Native Method)
	at sun.reflect.NativeMethodAccessorImpl.invoke(NativeMethodAccessorImpl.java:62)
	at sun.reflect.DelegatingMethodAccessorImpl.invoke(DelegatingMethodAccessorImpl.java:43)
	at java.lang.reflect.Method.invoke(Method.java:497)
	at org.testng.internal.MethodInvocationHelper.invokeMethod(MethodInvocationHelper.java:86)
	at org.testng.internal.Invoker.invokeMethod(Invoker.java:643)
	at org.testng.internal.Invoker.invokeTestMethod(Invoker.java:820)
	at org.testng.internal.Invoker.invokeTestMethods(Invoker.java:1128)
	at org.testng.internal.TestMethodWorker.invokeTestMethods(TestMethodWorker.java:129)
	at org.testng.internal.TestMethodWorker.run(TestMethodWorker.java:112)
	at org.testng.TestRunner.privateRun(TestRunner.java:782)
	at org.testng.TestRunner.run(TestRunner.java:632)
	at org.testng.SuiteRunner.runTest(SuiteRunner.java:366)
	at org.testng.SuiteRunner.runSequentially(SuiteRunner.java:361)
	at org.testng.SuiteRunner.privateRun(SuiteRunner.java:319)
	at org.testng.SuiteRunner.run(SuiteRunner.java:268)
	at org.testng.SuiteRunnerWorker.runSuite(SuiteRunnerWorker.java:52)
	at org.testng.SuiteRunnerWorker.run(SuiteRunnerWorker.java:86)
	at org.testng.TestNG.runSuitesSequentially(TestNG.java:1244)
	at org.testng.TestNG.runSuitesLocally(TestNG.java:1169)
	at org.testng.TestNG.run(TestNG.java:1064)
	at org.testng.remote.AbstractRemoteTestNG.run(AbstractRemoteTestNG.java:126)
	at org.testng.remote.RemoteTestNG.initAndRun(RemoteTestNG.java:152)
	at org.testng.remote.RemoteTestNG.main(RemoteTestNG.java:57)
]]>
            </full-stacktrace>
          </exception> <!-- org.testng.SkipException -->
          <reporter-output>
          </reporter-output>
        </test-method> <!-- FilteringProduct -->
        <test-method status="PASS" signature="tearDown()[pri:0, instance:com.sample.scripts.VoonikLogin@4c40b76e]" name="tearDown" is-config="true" duration-ms="368" started-at="2017-03-02T15:28:59Z" finished-at="2017-03-02T15:28:59Z">
          <reporter-output>
          </reporter-output>
        </test-method> <!-- tearDown -->
        <test-method status="PASS" signature="setUp()[pri:0, instance:com.sample.scripts.VoonikLogin@4c40b76e]" name="setUp" is-config="true" duration-ms="8437" started-at="2017-03-02T15:28:59Z" finished-at="2017-03-02T15:29:07Z">
          <reporter-output>
          </reporter-output>
        </test-method> <!-- setUp -->
        <test-method status="SKIP" signature="ChangePassword()[pri:3, instance:com.sample.scripts.VoonikLogin@4c40b76e]" name="ChangePassword" duration-ms="68988" started-at="2017-03-02T15:29:07Z" description="Check functionality on change password" finished-at="2017-03-02T15:30:16Z">
          <exception class="org.openqa.selenium.ElementNotVisibleException">
            <message>
              <![CDATA[Element is not visible (WARNING: The server did not provide any stacktrace information)
Command duration or timeout: 12 milliseconds
Build info: version: '2.53.1', revision: 'a36b8b1', time: '2016-06-30 17:37:03'
System info: host: 'WIN-HLEK05V71GA', ip: '10.100.28.57', os.name: 'Windows Server 2012', os.arch: 'x86', os.version: '6.2', java.version: '1.8.0_91'
Driver info: org.openqa.selenium.firefox.MarionetteDriver
Capabilities [{rotatable=false, raisesAccessibilityExceptions=false, marionette=true, webdriver.remote.quietExceptions=true, appBuildId=20170125094131, version=51.0.1, platform=XP, proxy={}, command_id=1, specificationLevel=0, acceptSslCerts=false, processId=1784, browserVersion=51.0.1, platformVersion=6.2, XULappId={XXXXXXXX-XXXX-XXXX-XXXX-XXXXa9e97384}, browserName=firefox, takesScreenshot=true, takesElementScreenshot=true, platformName=windows_nt}]
Session ID: XXXXXXXX-XXXX-XXXX-XXXX-XXXXa8f5ba04
Command duration or timeout: 440 milliseconds
Build info: version: '3.0.1', revision: '1969d75', time: '2016-10-18 09:49:13 -0700'
System info: host: 'CBT-CAB3-04', ip: '10.10.12.189', os.name: 'Windows 8.1', os.arch: 'amd64', os.version: '6.3', java.version: '1.8.0_73'
Driver info: org.openqa.selenium.remote.RemoteWebDriver
Capabilities [{rotatable=false, raisesAccessibilityExceptions=false, marionette=true, webdriver.remote.quietExceptions=true, hasMetadata=true, appBuildId=20170125094131, version=51.0.1, platform=XP, proxy={}, command_id=1, specificationLevel=0, acceptSslCerts=false, processId=1784, webdriver.remote.sessionid=4b30045d2d30450d98fe718cb1ef2c05, platformVersion=6.2, browserVersion=51.0.1, takesScreenshot=true, XULappId={ec8030f7-c20a-464f-9b0e-13a3a9e97384}, browserName=firefox, javascriptEnabled=true, takesElementScreenshot=true, platformName=windows_nt, cssSelectorsEnabled=true}]
Session ID: 4b30045d2d30450d98fe718cb1ef2c05]]>
            </message>
            <full-stacktrace>
              <![CDATA[org.openqa.selenium.ElementNotVisibleException: Element is not visible (WARNING: The server did not provide any stacktrace information)
Command duration or timeout: 12 milliseconds
Build info: version: '2.53.1', revision: 'a36b8b1', time: '2016-06-30 17:37:03'
System info: host: 'WIN-HLEK05V71GA', ip: '10.100.28.57', os.name: 'Windows Server 2012', os.arch: 'x86', os.version: '6.2', java.version: '1.8.0_91'
Driver info: org.openqa.selenium.firefox.MarionetteDriver
Capabilities [{rotatable=false, raisesAccessibilityExceptions=false, marionette=true, webdriver.remote.quietExceptions=true, appBuildId=20170125094131, version=51.0.1, platform=XP, proxy={}, command_id=1, specificationLevel=0, acceptSslCerts=false, processId=1784, browserVersion=51.0.1, platformVersion=6.2, XULappId={XXXXXXXX-XXXX-XXXX-XXXX-XXXXa9e97384}, browserName=firefox, takesScreenshot=true, takesElementScreenshot=true, platformName=windows_nt}]
Session ID: XXXXXXXX-XXXX-XXXX-XXXX-XXXXa8f5ba04
Command duration or timeout: 440 milliseconds
Build info: version: '3.0.1', revision: '1969d75', time: '2016-10-18 09:49:13 -0700'
System info: host: 'CBT-CAB3-04', ip: '10.10.12.189', os.name: 'Windows 8.1', os.arch: 'amd64', os.version: '6.3', java.version: '1.8.0_73'
Driver info: org.openqa.selenium.remote.RemoteWebDriver
Capabilities [{rotatable=false, raisesAccessibilityExceptions=false, marionette=true, webdriver.remote.quietExceptions=true, hasMetadata=true, appBuildId=20170125094131, version=51.0.1, platform=XP, proxy={}, command_id=1, specificationLevel=0, acceptSslCerts=false, processId=1784, webdriver.remote.sessionid=4b30045d2d30450d98fe718cb1ef2c05, platformVersion=6.2, browserVersion=51.0.1, takesScreenshot=true, XULappId={ec8030f7-c20a-464f-9b0e-13a3a9e97384}, browserName=firefox, javascriptEnabled=true, takesElementScreenshot=true, platformName=windows_nt, cssSelectorsEnabled=true}]
Session ID: 4b30045d2d30450d98fe718cb1ef2c05
	at sun.reflect.NativeConstructorAccessorImpl.newInstance0(Native Method)
	at sun.reflect.NativeConstructorAccessorImpl.newInstance(NativeConstructorAccessorImpl.java:62)
	at sun.reflect.DelegatingConstructorAccessorImpl.newInstance(DelegatingConstructorAccessorImpl.java:45)
	at java.lang.reflect.Constructor.newInstance(Constructor.java:422)
	at org.openqa.selenium.remote.ErrorHandler.createThrowable(ErrorHandler.java:216)
	at org.openqa.selenium.remote.ErrorHandler.throwIfResponseFailed(ErrorHandler.java:168)
	at org.openqa.selenium.remote.RemoteWebDriver.execute(RemoteWebDriver.java:635)
	at org.openqa.selenium.remote.RemoteWebElement.execute(RemoteWebElement.java:274)
	at org.openqa.selenium.remote.RemoteWebElement.sendKeys(RemoteWebElement.java:98)
	at sun.reflect.NativeMethodAccessorImpl.invoke0(Native Method)
	at sun.reflect.NativeMethodAccessorImpl.invoke(NativeMethodAccessorImpl.java:62)
	at sun.reflect.DelegatingMethodAccessorImpl.invoke(DelegatingMethodAccessorImpl.java:43)
	at java.lang.reflect.Method.invoke(Method.java:497)
	at org.openqa.selenium.support.pagefactory.internal.LocatingElementHandler.invoke(LocatingElementHandler.java:51)
	at com.sun.proxy.$Proxy9.sendKeys(Unknown Source)
	at com.sample.scripts.VoonikLogin.ChangePassword(VoonikLogin.java:165)
	at sun.reflect.NativeMethodAccessorImpl.invoke0(Native Method)
	at sun.reflect.NativeMethodAccessorImpl.invoke(NativeMethodAccessorImpl.java:62)
	at sun.reflect.DelegatingMethodAccessorImpl.invoke(DelegatingMethodAccessorImpl.java:43)
	at java.lang.reflect.Method.invoke(Method.java:497)
	at org.testng.internal.MethodInvocationHelper.invokeMethod(MethodInvocationHelper.java:86)
	at org.testng.internal.Invoker.invokeMethod(Invoker.java:643)
	at org.testng.internal.Invoker.invokeTestMethod(Invoker.java:820)
	at org.testng.internal.Invoker.invokeTestMethods(Invoker.java:1128)
	at org.testng.internal.TestMethodWorker.invokeTestMethods(TestMethodWorker.java:129)
	at org.testng.internal.TestMethodWorker.run(TestMethodWorker.java:112)
	at org.testng.TestRunner.privateRun(TestRunner.java:782)
	at org.testng.TestRunner.run(TestRunner.java:632)
	at org.testng.SuiteRunner.runTest(SuiteRunner.java:366)
	at org.testng.SuiteRunner.runSequentially(SuiteRunner.java:361)
	at org.testng.SuiteRunner.privateRun(SuiteRunner.java:319)
	at org.testng.SuiteRunner.run(SuiteRunner.java:268)
	at org.testng.SuiteRunnerWorker.runSuite(SuiteRunnerWorker.java:52)
	at org.testng.SuiteRunnerWorker.run(SuiteRunnerWorker.java:86)
	at org.testng.TestNG.runSuitesSequentially(TestNG.java:1244)
	at org.testng.TestNG.runSuitesLocally(TestNG.java:1169)
	at org.testng.TestNG.run(TestNG.java:1064)
	at org.testng.remote.AbstractRemoteTestNG.run(AbstractRemoteTestNG.java:126)
	at org.testng.remote.RemoteTestNG.initAndRun(RemoteTestNG.java:152)
	at org.testng.remote.RemoteTestNG.main(RemoteTestNG.java:57)
Caused by: org.openqa.selenium.ElementNotVisibleException: Element is not visible (WARNING: The server did not provide any stacktrace information)
Command duration or timeout: 12 milliseconds
Build info: version: '2.53.1', revision: 'a36b8b1', time: '2016-06-30 17:37:03'
System info: host: 'WIN-HLEK05V71GA', ip: '10.100.28.57', os.name: 'Windows Server 2012', os.arch: 'x86', os.version: '6.2', java.version: '1.8.0_91'
Driver info: org.openqa.selenium.firefox.MarionetteDriver
Capabilities [{rotatable=false, raisesAccessibilityExceptions=false, marionette=true, webdriver.remote.quietExceptions=true, appBuildId=20170125094131, version=51.0.1, platform=XP, proxy={}, command_id=1, specificationLevel=0, acceptSslCerts=false, processId=1784, browserVersion=51.0.1, platformVersion=6.2, XULappId={XXXXXXXX-XXXX-XXXX-XXXX-XXXXa9e97384}, browserName=firefox, takesScreenshot=true, takesElementScreenshot=true, platformName=windows_nt}]
Session ID: XXXXXXXX-XXXX-XXXX-XXXX-XXXXa8f5ba04
Build info: version: '3.0.1', revision: '1969d75', time: '2016-10-18 09:49:13 -0700'
System info: host: 'CBT-CAB3-04', ip: '10.10.12.189', os.name: 'Windows 8.1', os.arch: 'amd64', os.version: '6.3', java.version: '1.8.0_73'
Driver info: driver.version: RemoteWebDriver
	at sun.reflect.NativeConstructorAccessorImpl.newInstance0(Native Method)
	at sun.reflect.NativeConstructorAccessorImpl.newInstance(Unknown Source)
	at sun.reflect.DelegatingConstructorAccessorImpl.newInstance(Unknown Source)
	at java.lang.reflect.Constructor.newInstance(Unknown Source)
	at org.openqa.selenium.remote.ErrorHandler.createThrowable(ErrorHandler.java:206)
	at org.openqa.selenium.remote.ErrorHandler.throwIfResponseFailed(ErrorHandler.java:158)
	at org.openqa.selenium.remote.RemoteWebDriver.execute(RemoteWebDriver.java:678)
	at org.openqa.selenium.remote.RemoteWebElement.execute(RemoteWebElement.java:327)
	at org.openqa.selenium.remote.RemoteWebElement.sendKeys(RemoteWebElement.java:122)
	at sun.reflect.NativeMethodAccessorImpl.invoke0(Native Method)
	at sun.reflect.NativeMethodAccessorImpl.invoke(Unknown Source)
	at sun.reflect.DelegatingMethodAccessorImpl.invoke(Unknown Source)
	at java.lang.reflect.Method.invoke(Unknown Source)
	at org.openqa.selenium.support.events.EventFiringWebDriver$EventFiringWebElement$1.invoke(EventFiringWebDriver.java:335)
	at com.sun.proxy.$Proxy2.sendKeys(Unknown Source)
	at org.openqa.selenium.support.events.EventFiringWebDriver$EventFiringWebElement.sendKeys(EventFiringWebDriver.java:358)
	at sun.reflect.NativeMethodAccessorImpl.invoke0(Native Method)
	at sun.reflect.NativeMethodAccessorImpl.invoke(Unknown Source)
	at sun.reflect.DelegatingMethodAccessorImpl.invoke(Unknown Source)
	at java.lang.reflect.Method.invoke(Unknown Source)
	at org.openqa.selenium.remote.server.KnownElements$1.invoke(KnownElements.java:64)
	at com.sun.proxy.$Proxy3.sendKeys(Unknown Source)
	at org.openqa.selenium.remote.server.handler.SendKeys.call(SendKeys.java:50)
	at org.openqa.selenium.remote.server.handler.SendKeys.call(SendKeys.java:1)
	at java.util.concurrent.FutureTask.run(Unknown Source)
	at org.openqa.selenium.remote.server.DefaultSession$1.run(DefaultSession.java:176)
	at java.util.concurrent.ThreadPoolExecutor.runWorker(Unknown Source)
	at java.util.concurrent.ThreadPoolExecutor$Worker.run(Unknown Source)
	at java.lang.Thread.run(Unknown Source)
]]>
            </full-stacktrace>
          </exception> <!-- org.openqa.selenium.ElementNotVisibleException -->
          <reporter-output>
          </reporter-output>
        </test-method> <!-- ChangePassword -->
        <test-method status="PASS" signature="tearDown()[pri:0, instance:com.sample.scripts.VoonikLogin@4c40b76e]" name="tearDown" is-config="true" duration-ms="397" started-at="2017-03-02T15:30:17Z" finished-at="2017-03-02T15:30:17Z">
          <reporter-output>
          </reporter-output>
        </test-method> <!-- tearDown -->
        <test-method status="PASS" signature="setUp()[pri:0, instance:com.sample.scripts.VoonikLogin@4c40b76e]" name="setUp" is-config="true" duration-ms="7280" started-at="2017-03-02T15:30:17Z" finished-at="2017-03-02T15:30:24Z">
          <reporter-output>
          </reporter-output>
        </test-method> <!-- setUp -->
        <test-method status="FAIL" signature="ChangePassword()[pri:3, instance:com.sample.scripts.VoonikLogin@4c40b76e]" name="ChangePassword" duration-ms="55134" started-at="2017-03-02T15:30:24Z" description="Check functionality on change password" finished-at="2017-03-02T15:31:20Z">
          <exception class="org.openqa.selenium.ElementNotVisibleException">
            <message>
              <![CDATA[Element is not visible (WARNING: The server did not provide any stacktrace information)
Command duration or timeout: 14 milliseconds
Build info: version: '2.53.1', revision: 'a36b8b1', time: '2016-06-30 17:37:03'
System info: host: 'WIN-HLEK05V71GA', ip: '10.100.19.148', os.name: 'Windows Server 2012', os.arch: 'x86', os.version: '6.2', java.version: '1.8.0_91'
Driver info: org.openqa.selenium.firefox.MarionetteDriver
Capabilities [{rotatable=false, raisesAccessibilityExceptions=false, marionette=true, webdriver.remote.quietExceptions=true, appBuildId=20170125094131, version=51.0.1, platform=XP, proxy={}, command_id=1, specificationLevel=0, acceptSslCerts=false, processId=1504, browserVersion=51.0.1, platformVersion=6.2, XULappId={XXXXXXXX-XXXX-XXXX-XXXX-XXXXa9e97384}, browserName=firefox, takesScreenshot=true, takesElementScreenshot=true, platformName=windows_nt}]
Session ID: XXXXXXXX-XXXX-XXXX-XXXX-XXXX22e899ea
Command duration or timeout: 433 milliseconds
Build info: version: '3.0.1', revision: '1969d75', time: '2016-10-18 09:49:13 -0700'
System info: host: 'CBT-CAB3-04', ip: '10.10.12.189', os.name: 'Windows 8.1', os.arch: 'amd64', os.version: '6.3', java.version: '1.8.0_73'
Driver info: org.openqa.selenium.remote.RemoteWebDriver
Capabilities [{rotatable=false, raisesAccessibilityExceptions=false, marionette=true, webdriver.remote.quietExceptions=true, hasMetadata=true, appBuildId=20170125094131, version=51.0.1, platform=XP, proxy={}, command_id=1, specificationLevel=0, acceptSslCerts=false, processId=1504, webdriver.remote.sessionid=e884ff4a41af4cba8a3bbcf013b0afa7, platformVersion=6.2, browserVersion=51.0.1, takesScreenshot=true, XULappId={ec8030f7-c20a-464f-9b0e-13a3a9e97384}, browserName=firefox, javascriptEnabled=true, takesElementScreenshot=true, platformName=windows_nt, cssSelectorsEnabled=true}]
Session ID: e884ff4a41af4cba8a3bbcf013b0afa7]]>
            </message>
            <full-stacktrace>
              <![CDATA[org.openqa.selenium.ElementNotVisibleException: Element is not visible (WARNING: The server did not provide any stacktrace information)
Command duration or timeout: 14 milliseconds
Build info: version: '2.53.1', revision: 'a36b8b1', time: '2016-06-30 17:37:03'
System info: host: 'WIN-HLEK05V71GA', ip: '10.100.19.148', os.name: 'Windows Server 2012', os.arch: 'x86', os.version: '6.2', java.version: '1.8.0_91'
Driver info: org.openqa.selenium.firefox.MarionetteDriver
Capabilities [{rotatable=false, raisesAccessibilityExceptions=false, marionette=true, webdriver.remote.quietExceptions=true, appBuildId=20170125094131, version=51.0.1, platform=XP, proxy={}, command_id=1, specificationLevel=0, acceptSslCerts=false, processId=1504, browserVersion=51.0.1, platformVersion=6.2, XULappId={XXXXXXXX-XXXX-XXXX-XXXX-XXXXa9e97384}, browserName=firefox, takesScreenshot=true, takesElementScreenshot=true, platformName=windows_nt}]
Session ID: XXXXXXXX-XXXX-XXXX-XXXX-XXXX22e899ea
Command duration or timeout: 433 milliseconds
Build info: version: '3.0.1', revision: '1969d75', time: '2016-10-18 09:49:13 -0700'
System info: host: 'CBT-CAB3-04', ip: '10.10.12.189', os.name: 'Windows 8.1', os.arch: 'amd64', os.version: '6.3', java.version: '1.8.0_73'
Driver info: org.openqa.selenium.remote.RemoteWebDriver
Capabilities [{rotatable=false, raisesAccessibilityExceptions=false, marionette=true, webdriver.remote.quietExceptions=true, hasMetadata=true, appBuildId=20170125094131, version=51.0.1, platform=XP, proxy={}, command_id=1, specificationLevel=0, acceptSslCerts=false, processId=1504, webdriver.remote.sessionid=e884ff4a41af4cba8a3bbcf013b0afa7, platformVersion=6.2, browserVersion=51.0.1, takesScreenshot=true, XULappId={ec8030f7-c20a-464f-9b0e-13a3a9e97384}, browserName=firefox, javascriptEnabled=true, takesElementScreenshot=true, platformName=windows_nt, cssSelectorsEnabled=true}]
Session ID: e884ff4a41af4cba8a3bbcf013b0afa7
	at sun.reflect.NativeConstructorAccessorImpl.newInstance0(Native Method)
	at sun.reflect.NativeConstructorAccessorImpl.newInstance(NativeConstructorAccessorImpl.java:62)
	at sun.reflect.DelegatingConstructorAccessorImpl.newInstance(DelegatingConstructorAccessorImpl.java:45)
	at java.lang.reflect.Constructor.newInstance(Constructor.java:422)
	at org.openqa.selenium.remote.ErrorHandler.createThrowable(ErrorHandler.java:216)
	at org.openqa.selenium.remote.ErrorHandler.throwIfResponseFailed(ErrorHandler.java:168)
	at org.openqa.selenium.remote.RemoteWebDriver.execute(RemoteWebDriver.java:635)
	at org.openqa.selenium.remote.RemoteWebElement.execute(RemoteWebElement.java:274)
	at org.openqa.selenium.remote.RemoteWebElement.sendKeys(RemoteWebElement.java:98)
	at sun.reflect.NativeMethodAccessorImpl.invoke0(Native Method)
	at sun.reflect.NativeMethodAccessorImpl.invoke(NativeMethodAccessorImpl.java:62)
	at sun.reflect.DelegatingMethodAccessorImpl.invoke(DelegatingMethodAccessorImpl.java:43)
	at java.lang.reflect.Method.invoke(Method.java:497)
	at org.openqa.selenium.support.pagefactory.internal.LocatingElementHandler.invoke(LocatingElementHandler.java:51)
	at com.sun.proxy.$Proxy9.sendKeys(Unknown Source)
	at com.sample.scripts.VoonikLogin.ChangePassword(VoonikLogin.java:165)
	at sun.reflect.NativeMethodAccessorImpl.invoke0(Native Method)
	at sun.reflect.NativeMethodAccessorImpl.invoke(NativeMethodAccessorImpl.java:62)
	at sun.reflect.DelegatingMethodAccessorImpl.invoke(DelegatingMethodAccessorImpl.java:43)
	at java.lang.reflect.Method.invoke(Method.java:497)
	at org.testng.internal.MethodInvocationHelper.invokeMethod(MethodInvocationHelper.java:86)
	at org.testng.internal.Invoker.invokeMethod(Invoker.java:643)
	at org.testng.internal.Invoker.retryFailed(Invoker.java:967)
	at org.testng.internal.Invoker.invokeTestMethods(Invoker.java:1146)
	at org.testng.internal.TestMethodWorker.invokeTestMethods(TestMethodWorker.java:129)
	at org.testng.internal.TestMethodWorker.run(TestMethodWorker.java:112)
	at org.testng.TestRunner.privateRun(TestRunner.java:782)
	at org.testng.TestRunner.run(TestRunner.java:632)
	at org.testng.SuiteRunner.runTest(SuiteRunner.java:366)
	at org.testng.SuiteRunner.runSequentially(SuiteRunner.java:361)
	at org.testng.SuiteRunner.privateRun(SuiteRunner.java:319)
	at org.testng.SuiteRunner.run(SuiteRunner.java:268)
	at org.testng.SuiteRunnerWorker.runSuite(SuiteRunnerWorker.java:52)
	at org.testng.SuiteRunnerWorker.run(SuiteRunnerWorker.java:86)
	at org.testng.TestNG.runSuitesSequentially(TestNG.java:1244)
	at org.testng.TestNG.runSuitesLocally(TestNG.java:1169)
	at org.testng.TestNG.run(TestNG.java:1064)
	at org.testng.remote.AbstractRemoteTestNG.run(AbstractRemoteTestNG.java:126)
	at org.testng.remote.RemoteTestNG.initAndRun(RemoteTestNG.java:152)
	at org.testng.remote.RemoteTestNG.main(RemoteTestNG.java:57)
Caused by: org.openqa.selenium.ElementNotVisibleException: Element is not visible (WARNING: The server did not provide any stacktrace information)
Command duration or timeout: 14 milliseconds
Build info: version: '2.53.1', revision: 'a36b8b1', time: '2016-06-30 17:37:03'
System info: host: 'WIN-HLEK05V71GA', ip: '10.100.19.148', os.name: 'Windows Server 2012', os.arch: 'x86', os.version: '6.2', java.version: '1.8.0_91'
Driver info: org.openqa.selenium.firefox.MarionetteDriver
Capabilities [{rotatable=false, raisesAccessibilityExceptions=false, marionette=true, webdriver.remote.quietExceptions=true, appBuildId=20170125094131, version=51.0.1, platform=XP, proxy={}, command_id=1, specificationLevel=0, acceptSslCerts=false, processId=1504, browserVersion=51.0.1, platformVersion=6.2, XULappId={XXXXXXXX-XXXX-XXXX-XXXX-XXXXa9e97384}, browserName=firefox, takesScreenshot=true, takesElementScreenshot=true, platformName=windows_nt}]
Session ID: XXXXXXXX-XXXX-XXXX-XXXX-XXXX22e899ea
Build info: version: '3.0.1', revision: '1969d75', time: '2016-10-18 09:49:13 -0700'
System info: host: 'CBT-CAB3-04', ip: '10.10.12.189', os.name: 'Windows 8.1', os.arch: 'amd64', os.version: '6.3', java.version: '1.8.0_73'
Driver info: driver.version: RemoteWebDriver
	at sun.reflect.NativeConstructorAccessorImpl.newInstance0(Native Method)
	at sun.reflect.NativeConstructorAccessorImpl.newInstance(Unknown Source)
	at sun.reflect.DelegatingConstructorAccessorImpl.newInstance(Unknown Source)
	at java.lang.reflect.Constructor.newInstance(Unknown Source)
	at org.openqa.selenium.remote.ErrorHandler.createThrowable(ErrorHandler.java:206)
	at org.openqa.selenium.remote.ErrorHandler.throwIfResponseFailed(ErrorHandler.java:158)
	at org.openqa.selenium.remote.RemoteWebDriver.execute(RemoteWebDriver.java:678)
	at org.openqa.selenium.remote.RemoteWebElement.execute(RemoteWebElement.java:327)
	at org.openqa.selenium.remote.RemoteWebElement.sendKeys(RemoteWebElement.java:122)
	at sun.reflect.NativeMethodAccessorImpl.invoke0(Native Method)
	at sun.reflect.NativeMethodAccessorImpl.invoke(Unknown Source)
	at sun.reflect.DelegatingMethodAccessorImpl.invoke(Unknown Source)
	at java.lang.reflect.Method.invoke(Unknown Source)
	at org.openqa.selenium.support.events.EventFiringWebDriver$EventFiringWebElement$1.invoke(EventFiringWebDriver.java:335)
	at com.sun.proxy.$Proxy2.sendKeys(Unknown Source)
	at org.openqa.selenium.support.events.EventFiringWebDriver$EventFiringWebElement.sendKeys(EventFiringWebDriver.java:358)
	at sun.reflect.NativeMethodAccessorImpl.invoke0(Native Method)
	at sun.reflect.NativeMethodAccessorImpl.invoke(Unknown Source)
	at sun.reflect.DelegatingMethodAccessorImpl.invoke(Unknown Source)
	at java.lang.reflect.Method.invoke(Unknown Source)
	at org.openqa.selenium.remote.server.KnownElements$1.invoke(KnownElements.java:64)
	at com.sun.proxy.$Proxy3.sendKeys(Unknown Source)
	at org.openqa.selenium.remote.server.handler.SendKeys.call(SendKeys.java:50)
	at org.openqa.selenium.remote.server.handler.SendKeys.call(SendKeys.java:1)
	at java.util.concurrent.FutureTask.run(Unknown Source)
	at org.openqa.selenium.remote.server.DefaultSession$1.run(DefaultSession.java:176)
	at java.util.concurrent.ThreadPoolExecutor.runWorker(Unknown Source)
	at java.util.concurrent.ThreadPoolExecutor$Worker.run(Unknown Source)
	at java.lang.Thread.run(Unknown Source)
]]>
            </full-stacktrace>
          </exception> <!-- org.openqa.selenium.ElementNotVisibleException -->
          <reporter-output>
          </reporter-output>
        </test-method> <!-- ChangePassword -->
        <test-method status="PASS" signature="tearDown()[pri:0, instance:com.sample.scripts.VoonikLogin@4c40b76e]" name="tearDown" is-config="true" duration-ms="399" started-at="2017-03-02T15:31:22Z" finished-at="2017-03-02T15:31:22Z">
          <reporter-output>
          </reporter-output>
        </test-method> <!-- tearDown -->
      </class> <!-- com.sample.scripts.VoonikLogin -->
    </test> <!-- Regression -->
  </suite> <!-- Suite -->
</testng-results>
